2023-10-16 21:06:11,073 [INFO] Activator:176 - 


2023-10-16 21:06:11,075 [INFO] Activator:177 - !SESSION log4j initialized
2023-10-16 21:06:13,771 [INFO] LogOutputStream:77 - [STDOUT_REDIRECT] 
2023-10-16 21:06:16,237 [INFO] ApplicationProperties:184 - Using Application install path: C:\ST\STM32CubeIDE_1.13.2\STM32CubeIDE\plugins\com.st.stm32cube.common.mx_6.9.2.202309101412
2023-10-16 21:06:16,255 [INFO] DbMcusXml:78 - Set database path to: C:\ST\STM32CubeIDE_1.13.2\STM32CubeIDE\plugins\com.st.stm32cube.common.mx_6.9.2.202309101412\\db\/mcu/
2023-10-16 21:06:16,255 [INFO] ApiDb:274 - Set plugin database path to: C:\ST\STM32CubeIDE_1.13.2\STM32CubeIDE\plugins\com.st.stm32cube.common.mx_6.9.2.202309101412\\db\/plugins/boardmanager/
2023-10-16 21:06:16,258 [WARN] ApiDb:259 - Overriding images path with different value:  => C:\ST\STM32CubeIDE_1.13.2\STM32CubeIDE\plugins\com.st.stm32cube.common.mx_6.9.2.202309101412\\db\/plugins/mcufinder/images/
2023-10-16 21:06:17,067 [WARN] ApiFinderProperties:113 - C:\Users\a_emi\.stmcufinder\plugins\mcufinder\mcu\mcuFinder.mfd doesn't exist
2023-10-16 21:06:17,068 [INFO] ApiDb:250 - Set database path to: C:\Users\a_emi\.stmcufinder\plugins\mcufinder//mcu/
2023-10-16 21:06:17,070 [INFO] DbMcusAds:125 - Set database path to: C:\Users\a_emi\.stmcufinder\plugins\mcufinder//mcu/
2023-10-16 21:06:17,071 [INFO] CrossReferenceDbSqlite:203 - Set database path to: C:\Users\a_emi\.stmcufinder\plugins\mcufinder//mcu/cs/
2023-10-16 21:06:17,199 [INFO] RulesReader:64 - Compatibility file has been processed (293 Rules)
2023-10-16 21:06:17,273 [INFO] DbMcusXml:78 - Set database path to: C:\ST\STM32CubeIDE_1.13.2\STM32CubeIDE\plugins\com.st.stm32cube.common.mx_6.9.2.202309101412\\db\/mcu/
2023-10-16 21:06:17,273 [INFO] ApiDb:274 - Set plugin database path to: C:\ST\STM32CubeIDE_1.13.2\STM32CubeIDE\plugins\com.st.stm32cube.common.mx_6.9.2.202309101412\\db\/plugins/boardmanager/
2023-10-16 21:06:17,273 [INFO] ApiDb:261 - Set plugin images path to: C:\ST\STM32CubeIDE_1.13.2\STM32CubeIDE\plugins\com.st.stm32cube.common.mx_6.9.2.202309101412\\db\/plugins/mcufinder/images/
2023-10-16 21:06:17,273 [WARN] DbFile:41 - Overriding database path with different value: C:\Users\a_emi\.stmcufinder\plugins\mcufinder/ => C:\Users\a_emi\.stmcufinder\plugins\mcufinder
2023-10-16 21:06:17,273 [INFO] ApiDb:250 - Set database path to: C:\Users\a_emi\.stmcufinder\plugins\mcufinder//mcu/
2023-10-16 21:06:17,273 [WARN] DbFile:41 - Overriding database path with different value: C:\Users\a_emi\.stmcufinder\plugins\mcufinder/ => C:\Users\a_emi\.stmcufinder\plugins\mcufinder
2023-10-16 21:06:17,273 [INFO] DbMcusAds:125 - Set database path to: C:\Users\a_emi\.stmcufinder\plugins\mcufinder//mcu/
2023-10-16 21:06:17,273 [WARN] DbFile:41 - Overriding database path with different value: C:\Users\a_emi\.stmcufinder\plugins\mcufinder/ => C:\Users\a_emi\.stmcufinder\plugins\mcufinder
2023-10-16 21:06:17,273 [WARN] DbFile:41 - Overriding database path with different value: C:\Users\a_emi\.stmcufinder\plugins\mcufinder/ => C:\Users\a_emi\.stmcufinder\plugins\mcufinder
2023-10-16 21:06:17,273 [INFO] CrossReferenceDbSqlite:203 - Set database path to: C:\Users\a_emi\.stmcufinder\plugins\mcufinder//mcu/cs/
2023-10-16 21:06:17,341 [INFO] MainPanel:262 - HeapMemory: 268435456
2023-10-16 21:06:17,425 [INFO] DbMcusXml:78 - Set database path to: C:\ST\STM32CubeIDE_1.13.2\STM32CubeIDE\plugins\com.st.stm32cube.common.mx_6.9.2.202309101412\\db\/mcu/
2023-10-16 21:06:17,425 [INFO] ApiDb:274 - Set plugin database path to: C:\ST\STM32CubeIDE_1.13.2\STM32CubeIDE\plugins\com.st.stm32cube.common.mx_6.9.2.202309101412\\db\/plugins/boardmanager/
2023-10-16 21:06:17,426 [INFO] ApiDb:261 - Set plugin images path to: C:\ST\STM32CubeIDE_1.13.2\STM32CubeIDE\plugins\com.st.stm32cube.common.mx_6.9.2.202309101412\\db\/plugins/mcufinder/images/
2023-10-16 21:06:17,426 [WARN] DbFile:41 - Overriding database path with different value: C:\Users\a_emi\.stmcufinder\plugins\mcufinder/ => C:\Users\a_emi\.stmcufinder\plugins\mcufinder
2023-10-16 21:06:17,426 [INFO] ApiDb:250 - Set database path to: C:\Users\a_emi\.stmcufinder\plugins\mcufinder//mcu/
2023-10-16 21:06:17,426 [WARN] DbFile:41 - Overriding database path with different value: C:\Users\a_emi\.stmcufinder\plugins\mcufinder/ => C:\Users\a_emi\.stmcufinder\plugins\mcufinder
2023-10-16 21:06:17,426 [INFO] DbMcusAds:125 - Set database path to: C:\Users\a_emi\.stmcufinder\plugins\mcufinder//mcu/
2023-10-16 21:06:17,426 [WARN] DbFile:41 - Overriding database path with different value: C:\Users\a_emi\.stmcufinder\plugins\mcufinder/ => C:\Users\a_emi\.stmcufinder\plugins\mcufinder
2023-10-16 21:06:17,427 [WARN] DbFile:41 - Overriding database path with different value: C:\Users\a_emi\.stmcufinder\plugins\mcufinder/ => C:\Users\a_emi\.stmcufinder\plugins\mcufinder
2023-10-16 21:06:17,427 [INFO] CrossReferenceDbSqlite:203 - Set database path to: C:\Users\a_emi\.stmcufinder\plugins\mcufinder//mcu/cs/
2023-10-16 21:06:17,442 [INFO] ApplicationProperties:184 - Using Application install path: C:\ST\STM32CubeIDE_1.13.2\STM32CubeIDE\plugins\com.st.stm32cube.common.mx_6.9.2.202309101412
2023-10-16 21:06:17,443 [INFO] PluginManage:196 - Search for loadable plugins [exclusion list=, ]
2023-10-16 21:06:17,444 [INFO] PluginManage:310 - Check plugin analytics
2023-10-16 21:06:17,574 [INFO] AnalyticsPlugin:253 - Accepted Software Licenses: 
2023-10-16 21:06:17,575 [INFO] AnalyticsPlugin:255 - Accepted CMSIS Pack Licenses: 
2023-10-16 21:06:17,575 [INFO] AnalyticsPlugin:257 - Accepted Firmware Licenses: 
2023-10-16 21:06:17,577 [INFO] PluginManage:359 - Loaded plugin analytics (category:tool,tabindex:-1)
2023-10-16 21:06:17,577 [INFO] PluginManage:310 - Check plugin cadmodel
2023-10-16 21:06:17,581 [INFO] CADModel:105 - Init CAD model plugin
2023-10-16 21:06:17,582 [INFO] PluginManage:359 - Loaded plugin cadmodel (category:power,tabindex:5)
2023-10-16 21:06:17,582 [INFO] PluginManage:310 - Check plugin clock
2023-10-16 21:06:17,591 [INFO] PluginManage:359 - Loaded plugin clock (category:base,tabindex:2)
2023-10-16 21:06:17,592 [INFO] PluginManage:310 - Check plugin ddr
2023-10-16 21:06:17,594 [INFO] PluginManage:359 - Loaded plugin ddr (category:tool,tabindex:6)
2023-10-16 21:06:17,594 [INFO] PluginManage:310 - Check plugin filemanager
2023-10-16 21:06:17,722 [INFO] PluginManage:359 - Loaded plugin filemanager (category:base,tabindex:10)
2023-10-16 21:06:17,722 [INFO] PluginManage:310 - Check plugin ipmanager
2023-10-16 21:06:17,729 [INFO] PluginManage:359 - Loaded plugin ipmanager (category:base,tabindex:5)
2023-10-16 21:06:17,730 [INFO] PluginManage:310 - Check plugin lpbam
2023-10-16 21:06:17,739 [INFO] PluginManage:359 - Loaded plugin lpbam (category:base,tabindex:0)
2023-10-16 21:06:17,739 [INFO] PluginManage:310 - Check plugin memorymap
2023-10-16 21:06:17,753 [INFO] PluginManage:359 - Loaded plugin memorymap (category:base,tabindex:4)
2023-10-16 21:06:17,754 [INFO] PluginManage:310 - Check plugin pinoutandconfiguration
2023-10-16 21:06:17,762 [INFO] PluginManage:359 - Loaded plugin pinoutandconfiguration (category:base,tabindex:1)
2023-10-16 21:06:17,762 [INFO] PluginManage:310 - Check plugin pinoutconfig
2023-10-16 21:06:17,875 [WARN] SupportedApi:132 - Cannot load RTOS API schema: s4s-elt-must-match.1: The content of 'definitions' must match (annotation?, (simpleType | complexType)?, (unique | key | keyref)*)). A problem was found starting at: attribute.
2023-10-16 21:06:17,997 [INFO] PluginManage:359 - Loaded plugin pinoutconfig (category:base,tabindex:0)
2023-10-16 21:06:17,997 [INFO] PluginManage:310 - Check plugin power
2023-10-16 21:06:18,009 [INFO] PluginManage:359 - Loaded plugin power (category:power,tabindex:4)
2023-10-16 21:06:18,009 [INFO] PluginManage:310 - Check plugin projectmanager
2023-10-16 21:06:18,021 [INFO] PluginManage:359 - Loaded plugin projectmanager (category:projectmanager,tabindex:3)
2023-10-16 21:06:18,022 [INFO] PluginManage:310 - Check plugin thirdparty
2023-10-16 21:06:18,122 [INFO] PluginManage:359 - Loaded plugin thirdparty (category:base,tabindex:-1)
2023-10-16 21:06:18,122 [WARN] IntegrityCheckThread:84 - waiting for thirdparty lock release [integrity check]
2023-10-16 21:06:18,126 [INFO] PluginManage:310 - Check plugin tools
2023-10-16 21:06:18,126 [INFO] IntegrityCheckThread:86 - entering critical section [integrity check]
2023-10-16 21:06:18,126 [INFO] ThirdPartyUpdaterWithRetryManager:70 - Updater plugin not ready yet. [1/15]
2023-10-16 21:06:18,128 [INFO] PluginManage:359 - Loaded plugin tools (category:base,tabindex:7)
2023-10-16 21:06:18,128 [INFO] PluginManage:310 - Check plugin tutovideos
2023-10-16 21:06:18,270 [INFO] PluginManage:359 - Loaded plugin tutovideos (category:base,tabindex:-1)
2023-10-16 21:06:18,270 [INFO] PluginManage:310 - Check plugin updater
2023-10-16 21:06:18,280 [INFO] PluginManage:359 - Loaded plugin updater (category:base,tabindex:12)
2023-10-16 21:06:18,280 [INFO] PluginManage:310 - Check plugin userauth
2023-10-16 21:06:18,284 [INFO] UserAuth:113 - Init User Auth plugin
2023-10-16 21:06:18,285 [INFO] PluginManage:359 - Loaded plugin userauth (category:base,tabindex:14)
2023-10-16 21:06:18,285 [INFO] PluginManage:283 - PluginManage : Loaded plugins [17]
2023-10-16 21:06:18,458 [INFO] PinOutPanel:1499 - setPackage(No Configuration,No Configuration)
2023-10-16 21:06:18,560 [INFO] CADModel:165 - CPN selected for project level
2023-10-16 21:06:18,560 [INFO] CADModel:114 - Register for checkConnection events
2023-10-16 21:06:18,583 [INFO] IPUIPlugin:80 - create IPUIPlugin
2023-10-16 21:06:18,583 [INFO] PluginManager:220 - loadIPPluginJar : add adc
2023-10-16 21:06:18,587 [INFO] IPUIPlugin:80 - create IPUIPlugin
2023-10-16 21:06:18,587 [INFO] PluginManager:220 - loadIPPluginJar : add aes
2023-10-16 21:06:18,591 [INFO] IPUIPlugin:80 - create IPUIPlugin
2023-10-16 21:06:18,591 [INFO] PluginManager:220 - loadIPPluginJar : add can
2023-10-16 21:06:18,593 [INFO] IPUIPlugin:80 - create IPUIPlugin
2023-10-16 21:06:18,593 [INFO] PluginManager:220 - loadIPPluginJar : add comp
2023-10-16 21:06:18,595 [INFO] IPUIPlugin:80 - create IPUIPlugin
2023-10-16 21:06:18,595 [INFO] PluginManager:220 - loadIPPluginJar : add cryp
2023-10-16 21:06:18,598 [INFO] IPUIPlugin:80 - create IPUIPlugin
2023-10-16 21:06:18,598 [INFO] PluginManager:220 - loadIPPluginJar : add dfsdm
2023-10-16 21:06:18,603 [INFO] IPUIPlugin:80 - create IPUIPlugin
2023-10-16 21:06:18,604 [INFO] PluginManager:220 - loadIPPluginJar : add dma
2023-10-16 21:06:18,607 [INFO] IPUIPlugin:80 - create IPUIPlugin
2023-10-16 21:06:18,607 [INFO] PluginManager:220 - loadIPPluginJar : add dma3
2023-10-16 21:06:18,608 [INFO] IPUIPlugin:80 - create IPUIPlugin
2023-10-16 21:06:18,609 [INFO] PluginManager:220 - loadIPPluginJar : add fatfs
2023-10-16 21:06:18,613 [INFO] IPUIPlugin:80 - create IPUIPlugin
2023-10-16 21:06:18,613 [INFO] PluginManager:220 - loadIPPluginJar : add fmc
2023-10-16 21:06:18,622 [INFO] IPUIPlugin:80 - create IPUIPlugin
2023-10-16 21:06:18,622 [INFO] PluginManager:220 - loadIPPluginJar : add freertos
2023-10-16 21:06:18,624 [INFO] IPUIPlugin:80 - create IPUIPlugin
2023-10-16 21:06:18,625 [INFO] PluginManager:220 - loadIPPluginJar : add genericplugin
2023-10-16 21:06:18,627 [INFO] IPUIPlugin:80 - create IPUIPlugin
2023-10-16 21:06:18,627 [INFO] PluginManager:220 - loadIPPluginJar : add gfxmmu
2023-10-16 21:06:18,632 [INFO] IPUIPlugin:80 - create IPUIPlugin
2023-10-16 21:06:18,633 [INFO] PluginManager:220 - loadIPPluginJar : add gic
2023-10-16 21:06:18,637 [INFO] IPUIPlugin:80 - create IPUIPlugin
2023-10-16 21:06:18,637 [INFO] PluginManager:220 - loadIPPluginJar : add gpio
2023-10-16 21:06:18,639 [INFO] IPUIPlugin:80 - create IPUIPlugin
2023-10-16 21:06:18,639 [INFO] PluginManager:220 - loadIPPluginJar : add gtzc
2023-10-16 21:06:18,641 [INFO] IPUIPlugin:80 - create IPUIPlugin
2023-10-16 21:06:18,642 [INFO] PluginManager:220 - loadIPPluginJar : add hash
2023-10-16 21:06:18,645 [INFO] IPUIPlugin:80 - create IPUIPlugin
2023-10-16 21:06:18,645 [INFO] PluginManager:220 - loadIPPluginJar : add i2c
2023-10-16 21:06:18,647 [INFO] IPUIPlugin:80 - create IPUIPlugin
2023-10-16 21:06:18,647 [INFO] PluginManager:220 - loadIPPluginJar : add i2s
2023-10-16 21:06:18,651 [INFO] IPUIPlugin:80 - create IPUIPlugin
2023-10-16 21:06:18,651 [INFO] PluginManager:220 - loadIPPluginJar : add i3c
2023-10-16 21:06:18,654 [INFO] IPUIPlugin:80 - create IPUIPlugin
2023-10-16 21:06:18,654 [INFO] PluginManager:220 - loadIPPluginJar : add ipddr
2023-10-16 21:06:18,660 [INFO] IPUIPlugin:80 - create IPUIPlugin
2023-10-16 21:06:18,661 [INFO] PluginManager:220 - loadIPPluginJar : add linkedlist
2023-10-16 21:06:18,663 [INFO] IPUIPlugin:80 - create IPUIPlugin
2023-10-16 21:06:18,664 [INFO] PluginManager:220 - loadIPPluginJar : add lorawan
2023-10-16 21:06:18,666 [INFO] IPUIPlugin:80 - create IPUIPlugin
2023-10-16 21:06:18,666 [INFO] PluginManager:220 - loadIPPluginJar : add ltdc
2023-10-16 21:06:18,673 [INFO] IPUIPlugin:80 - create IPUIPlugin
2023-10-16 21:06:18,673 [INFO] PluginManager:220 - loadIPPluginJar : add mdma
2023-10-16 21:06:18,677 [INFO] IPUIPlugin:80 - create IPUIPlugin
2023-10-16 21:06:18,677 [INFO] PluginManager:220 - loadIPPluginJar : add nvic
2023-10-16 21:06:18,681 [INFO] IPUIPlugin:80 - create IPUIPlugin
2023-10-16 21:06:18,682 [INFO] PluginManager:220 - loadIPPluginJar : add opamp
2023-10-16 21:06:18,686 [INFO] IPUIPlugin:80 - create IPUIPlugin
2023-10-16 21:06:18,686 [INFO] PluginManager:220 - loadIPPluginJar : add openamp
2023-10-16 21:06:18,692 [INFO] IPUIPlugin:80 - create IPUIPlugin
2023-10-16 21:06:18,692 [INFO] PluginManager:220 - loadIPPluginJar : add pdm2pcm
2023-10-16 21:06:18,699 [INFO] IPUIPlugin:80 - create IPUIPlugin
2023-10-16 21:06:18,702 [INFO] PluginManager:220 - loadIPPluginJar : add plateformsettings
2023-10-16 21:06:18,705 [INFO] IPUIPlugin:80 - create IPUIPlugin
2023-10-16 21:06:18,705 [INFO] PluginManager:220 - loadIPPluginJar : add quadspi
2023-10-16 21:06:18,710 [INFO] IPUIPlugin:80 - create IPUIPlugin
2023-10-16 21:06:18,711 [INFO] PluginManager:220 - loadIPPluginJar : add resmgrutility
2023-10-16 21:06:18,715 [INFO] IPUIPlugin:80 - create IPUIPlugin
2023-10-16 21:06:18,715 [INFO] PluginManager:220 - loadIPPluginJar : add sai
2023-10-16 21:06:18,719 [INFO] IPUIPlugin:80 - create IPUIPlugin
2023-10-16 21:06:18,720 [INFO] PluginManager:220 - loadIPPluginJar : add spi
2023-10-16 21:06:18,726 [INFO] IPUIPlugin:80 - create IPUIPlugin
2023-10-16 21:06:18,726 [INFO] PluginManager:220 - loadIPPluginJar : add stm32_wpan
2023-10-16 21:06:18,729 [INFO] IPUIPlugin:80 - create IPUIPlugin
2023-10-16 21:06:18,729 [INFO] PluginManager:220 - loadIPPluginJar : add tim
2023-10-16 21:06:18,733 [INFO] IPUIPlugin:80 - create IPUIPlugin
2023-10-16 21:06:18,733 [INFO] PluginManager:220 - loadIPPluginJar : add touchsensing
2023-10-16 21:06:18,736 [INFO] IPUIPlugin:80 - create IPUIPlugin
2023-10-16 21:06:18,736 [INFO] PluginManager:220 - loadIPPluginJar : add tracer_emb
2023-10-16 21:06:18,739 [INFO] IPUIPlugin:80 - create IPUIPlugin
2023-10-16 21:06:18,740 [INFO] PluginManager:220 - loadIPPluginJar : add ts
2023-10-16 21:06:18,742 [INFO] IPUIPlugin:80 - create IPUIPlugin
2023-10-16 21:06:18,743 [INFO] PluginManager:220 - loadIPPluginJar : add tsc
2023-10-16 21:06:18,744 [INFO] IPUIPlugin:80 - create IPUIPlugin
2023-10-16 21:06:18,744 [INFO] PluginManager:220 - loadIPPluginJar : add ucpd
2023-10-16 21:06:18,749 [INFO] IPUIPlugin:80 - create IPUIPlugin
2023-10-16 21:06:18,749 [INFO] PluginManager:220 - loadIPPluginJar : add usart
2023-10-16 21:06:18,754 [INFO] IPUIPlugin:80 - create IPUIPlugin
2023-10-16 21:06:18,754 [INFO] PluginManager:220 - loadIPPluginJar : add usbx
2023-10-16 21:06:18,887 [INFO] CADModel:165 - CPN selected for project level
2023-10-16 21:06:18,887 [INFO] CADModel:114 - Register for checkConnection events
2023-10-16 21:06:18,887 [FATAL] Updater:308 - Updater called before beeing initialized
2023-10-16 21:06:18,887 [ERROR] CADModel:125 - Updater not yet initialized, retry later 
2023-10-16 21:06:19,016 [INFO] CADModel:165 - CPN selected for project level
2023-10-16 21:06:19,016 [INFO] CADModel:114 - Register for checkConnection events
2023-10-16 21:06:19,016 [FATAL] Updater:308 - Updater called before beeing initialized
2023-10-16 21:06:19,016 [ERROR] CADModel:125 - Updater not yet initialized, retry later 
2023-10-16 21:06:19,020 [FATAL] Updater:308 - Updater called before beeing initialized
2023-10-16 21:06:19,100 [FATAL] Updater:308 - Updater called before beeing initialized
2023-10-16 21:06:19,106 [INFO] DbMcusAds:53 - JSON generation date=Thu Sep 30 08:55:09 CEST 2021 (1632984909247)
2023-10-16 21:06:19,106 [FATAL] Updater:308 - Updater called before beeing initialized
2023-10-16 21:06:19,145 [WARN] DetailPanel:346 - Failed to get advertising image, set to default
2023-10-16 21:06:19,222 [FATAL] Updater:308 - Updater called before beeing initialized
2023-10-16 21:06:19,224 [FATAL] Updater:308 - Updater called before beeing initialized
2023-10-16 21:06:19,224 [FATAL] Updater:308 - Updater called before beeing initialized
2023-10-16 21:06:19,224 [WARN] DetailPanel:346 - Failed to get advertising image, set to default
2023-10-16 21:06:19,224 [FATAL] Updater:308 - Updater called before beeing initialized
2023-10-16 21:06:19,265 [ERROR] Updater:1120 - MainUpdater not yet initialized. External WinMGr cannot be set.
2023-10-16 21:06:19,267 [INFO] Updater:1056 - Updater Version found : 6.9.2
2023-10-16 21:06:19,285 [INFO] ApplicationProperties:184 - Using Application install path: C:\ST\STM32CubeIDE_1.13.2\STM32CubeIDE\plugins\com.st.stm32cube.common.mx_6.9.2.202309101412
2023-10-16 21:06:19,324 [INFO] MainUpdater:521 - Copy updater definitions from MX database
2023-10-16 21:06:19,349 [INFO] MainUpdater:554 - Copy flag file definitions from MX database
2023-10-16 21:06:19,351 [INFO] MainUpdater:570 - Copy thirdparty index definitions from MX database
2023-10-16 21:06:19,354 [INFO] MainUpdater:589 - Copy default thirdparty db definitions from MX database
2023-10-16 21:06:19,440 [INFO] MainUpdater:2868 - connection check result : 10
2023-10-16 21:06:19,441 [INFO] MainUpdater:3562 - Updater definition file requires update
2023-10-16 21:06:19,442 [INFO] MainUpdater:285 - Updater Check For Update Now.
2023-10-16 21:06:19,442 [INFO] MicroXplorer:498 - Change Database Version : DB.6.0.92
2023-10-16 21:06:19,448 [INFO] McuFinderGlobals:63 - Set McuFinder mode to 2 (CubeIDE integrated)
2023-10-16 21:06:19,449 [INFO] UserAuth:179 - activating auth plugin
2023-10-16 21:06:19,451 [INFO] UserAuth:393 - Internet connection configuration mode: 1
2023-10-16 21:06:19,465 [INFO] JxBrowserEngine:151 - Initiate JxBrowser Engine with user profile folder
2023-10-16 21:06:19,518 [INFO] ServerAccessManage:473 - Download File updaters.zip
2023-10-16 21:06:19,592 [INFO] FileExtend:240 - Unzip File : updaters.zip
2023-10-16 21:06:19,592 [INFO] FileExtend:255 - Standard Zip Deflate
2023-10-16 21:06:19,992 [INFO] ServerAccessManage:473 - Download File PacksControlFlags.xml
2023-10-16 21:06:20,083 [INFO] ServerAccessManage:473 - Download File cubemx.pidx
2023-10-16 21:06:20,239 [INFO] ServerAccessManage:473 - Download File STMicroelectronics.FP-ATR-ASTRA1.pdsc
2023-10-16 21:06:20,559 [INFO] ServerAccessManage:473 - Download File STMicroelectronics.FP-ATR-SIGFOX1.pdsc
2023-10-16 21:06:20,730 [INFO] ServerAccessManage:473 - Download File STMicroelectronics.FP-SNS-FLIGHT1.pdsc
2023-10-16 21:06:21,074 [INFO] ServerAccessManage:473 - Download File STMicroelectronics.FP-SNS-MOTENV1.pdsc
2023-10-16 21:06:21,127 [WARN] MainUpdater:1189 - Updater busy. Cannot search thirdparties
2023-10-16 21:06:21,127 [INFO] ThirdPartyUpdaterWithRetryManager:96 - Updater plugin is busy. [1/15]
2023-10-16 21:06:21,407 [INFO] ServerAccessManage:473 - Download File STMicroelectronics.FP-SNS-SMARTAG2.pdsc
2023-10-16 21:06:21,569 [INFO] ServerAccessManage:473 - Download File STMicroelectronics.X-CUBE-AI.pdsc
2023-10-16 21:06:22,821 [INFO] ServerAccessManage:473 - Download File STMicroelectronics.X-CUBE-ALS.pdsc
2023-10-16 21:06:23,075 [INFO] ServerAccessManage:473 - Download File STMicroelectronics.X-CUBE-BLE1.pdsc
2023-10-16 21:06:24,128 [WARN] MainUpdater:1189 - Updater busy. Cannot search thirdparties
2023-10-16 21:06:24,128 [INFO] ThirdPartyUpdaterWithRetryManager:96 - Updater plugin is busy. [2/15]
2023-10-16 21:06:24,313 [INFO] WebApp:157 - Instantiating new browser for Auth
2023-10-16 21:06:24,347 [ERROR] ServerAccessManage:1089 - Problem, file not found on Server
2023-10-16 21:06:24,431 [INFO] ServerAccessManage:473 - Download File STMicroelectronics.X-CUBE-BLE2.pdsc
2023-10-16 21:06:24,842 [INFO] WebApp:753 - Register for checkConnection events
2023-10-16 21:06:24,842 [INFO] WebApp:390 - Apply proxy settings
2023-10-16 21:06:24,842 [INFO] WebApp:475 - Chromium requires no authentication
2023-10-16 21:06:24,847 [INFO] WebApp:418 - Direct internet connection detected
2023-10-16 21:06:24,970 [INFO] WebApp:188 - Starting web application
2023-10-16 21:06:24,970 [INFO] WebApp:520 - Web application path used C:\ST\STM32CubeIDE_1.13.2\STM32CubeIDE\plugins\com.st.stm32cube.common.mx_6.9.2.202309101412\db\plugins\mcufinder\reactClient1\index.html
2023-10-16 21:06:25,130 [INFO] ServerAccessManage:473 - Download File STMicroelectronics.X-CUBE-BLEMGR.pdsc
2023-10-16 21:06:25,665 [INFO] ServerAccessManage:473 - Download File STMicroelectronics.X-CUBE-DISPLAY.pdsc
2023-10-16 21:06:26,233 [INFO] ServerAccessManage:473 - Download File STMicroelectronics.X-CUBE-EEPRMA1.pdsc
2023-10-16 21:06:26,576 [ERROR] ServerAccessManage:1089 - Problem, file not found on Server
2023-10-16 21:06:26,902 [INFO] ServerAccessManage:473 - Download File STMicroelectronics.X-CUBE-FREERTOS.pdsc
2023-10-16 21:06:27,129 [WARN] MainUpdater:1189 - Updater busy. Cannot search thirdparties
2023-10-16 21:06:27,129 [INFO] ThirdPartyUpdaterWithRetryManager:96 - Updater plugin is busy. [3/15]
2023-10-16 21:06:27,217 [INFO] ServerAccessManage:473 - Download File STMicroelectronics.X-CUBE-GNSS1.pdsc
2023-10-16 21:06:28,071 [ERROR] ServerAccessManage:1089 - Problem, file not found on Server
2023-10-16 21:06:28,261 [ERROR] ServerAccessManage:1089 - Problem, file not found on Server
2023-10-16 21:06:28,448 [ERROR] ServerAccessManage:1089 - Problem, file not found on Server
2023-10-16 21:06:28,652 [ERROR] ServerAccessManage:1089 - Problem, file not found on Server
2023-10-16 21:06:28,855 [ERROR] ServerAccessManage:1089 - Problem, file not found on Server
2023-10-16 21:06:29,047 [ERROR] ServerAccessManage:1089 - Problem, file not found on Server
2023-10-16 21:06:29,126 [INFO] ServerAccessManage:473 - Download File STMicroelectronics.X-CUBE-ISPU.pdsc
2023-10-16 21:06:29,315 [INFO] ServerAccessManage:473 - Download File STMicroelectronics.X-CUBE-MEMS1.pdsc
2023-10-16 21:06:29,705 [ERROR] ServerAccessManage:1089 - Problem, file not found on Server
2023-10-16 21:06:29,752 [INFO] ServerAccessManage:473 - Download File STMicroelectronics.X-CUBE-NFC4.pdsc
2023-10-16 21:06:30,131 [WARN] MainUpdater:1189 - Updater busy. Cannot search thirdparties
2023-10-16 21:06:30,131 [INFO] ThirdPartyUpdaterWithRetryManager:96 - Updater plugin is busy. [4/15]
2023-10-16 21:06:30,464 [INFO] ServerAccessManage:473 - Download File STMicroelectronics.X-CUBE-NFC6.pdsc
2023-10-16 21:06:30,561 [INFO] ServerAccessManage:473 - Download File STMicroelectronics.X-CUBE-NFC7.pdsc
2023-10-16 21:06:30,716 [INFO] ServerAccessManage:473 - Download File STMicroelectronics.X-CUBE-SFXS2LP1.pdsc
2023-10-16 21:06:30,967 [INFO] ServerAccessManage:473 - Download File STMicroelectronics.X-CUBE-SUBG2.pdsc
2023-10-16 21:06:31,572 [INFO] ServerAccessManage:473 - Download File STMicroelectronics.X-CUBE-SMBUS.pdsc
2023-10-16 21:06:31,731 [ERROR] ServerAccessManage:1089 - Problem, file not found on Server
2023-10-16 21:06:31,789 [INFO] ServerAccessManage:473 - Download File STMicroelectronics.X-CUBE-TOF1.pdsc
2023-10-16 21:06:32,385 [ERROR] ServerAccessManage:1089 - Problem, file not found on Server
2023-10-16 21:06:32,625 [INFO] ServerAccessManage:473 - Download File STMicroelectronics.X-CUBE-TOUCHGFX.pdsc
2023-10-16 21:06:33,132 [WARN] MainUpdater:1189 - Updater busy. Cannot search thirdparties
2023-10-16 21:06:33,132 [INFO] ThirdPartyUpdaterWithRetryManager:96 - Updater plugin is busy. [5/15]
2023-10-16 21:06:35,219 [INFO] ServerAccessManage:473 - Download File STMicroelectronics.X-CUBE-ALGOBUILD.pdsc
2023-10-16 21:06:35,695 [INFO] ServerAccessManage:473 - Download File STMicroelectronics.X-CUBE-AZRTOS-H7.pdsc
2023-10-16 21:06:36,132 [WARN] MainUpdater:1189 - Updater busy. Cannot search thirdparties
2023-10-16 21:06:36,132 [INFO] ThirdPartyUpdaterWithRetryManager:96 - Updater plugin is busy. [6/15]
2023-10-16 21:06:36,302 [INFO] ServerAccessManage:473 - Download File STMicroelectronics.X-CUBE-AZRTOS-F4.pdsc
2023-10-16 21:06:36,583 [INFO] ServerAccessManage:473 - Download File STMicroelectronics.X-CUBE-AZRTOS-F7.pdsc
2023-10-16 21:06:36,875 [INFO] ServerAccessManage:473 - Download File STMicroelectronics.X-CUBE-AZRTOS-L4.pdsc
2023-10-16 21:06:37,217 [INFO] ServerAccessManage:473 - Download File STMicroelectronics.X-CUBE-AZRTOS-L5.pdsc
2023-10-16 21:06:37,567 [INFO] ServerAccessManage:473 - Download File STMicroelectronics.X-CUBE-AZRTOS-G0.pdsc
2023-10-16 21:06:37,862 [INFO] ServerAccessManage:473 - Download File STMicroelectronics.X-CUBE-AZRTOS-G4.pdsc
2023-10-16 21:06:38,178 [INFO] ServerAccessManage:473 - Download File STMicroelectronics.X-CUBE-AZRTOS-WB.pdsc
2023-10-16 21:06:38,455 [INFO] ServerAccessManage:473 - Download File STMicroelectronics.X-CUBE-AZRTOS-WL.pdsc
2023-10-16 21:06:39,133 [WARN] MainUpdater:1189 - Updater busy. Cannot search thirdparties
2023-10-16 21:06:39,133 [INFO] ThirdPartyUpdaterWithRetryManager:96 - Updater plugin is busy. [7/15]
2023-10-16 21:06:39,227 [INFO] ServerAccessManage:473 - Download File wolfSSL.I-CUBE-wolfSSL.pdsc
2023-10-16 21:06:42,134 [WARN] MainUpdater:1189 - Updater busy. Cannot search thirdparties
2023-10-16 21:06:42,134 [INFO] ThirdPartyUpdaterWithRetryManager:96 - Updater plugin is busy. [8/15]
2023-10-16 21:06:42,236 [ERROR] ServerAccessManage:1089 - Problem, file not found on Server
2023-10-16 21:06:42,593 [ERROR] ServerAccessManage:1089 - Problem, file not found on Server
2023-10-16 21:06:42,948 [ERROR] ServerAccessManage:1089 - Problem, file not found on Server
2023-10-16 21:06:43,477 [ERROR] ServerAccessManage:1096 - Problem, Http access forbiden
2023-10-16 21:06:43,478 [ERROR] ServerAccessManage:651 - Problem, Http access forbiden : RoweBots.I-CUBE-UNISONRTOS.pdsc.
2023-10-16 21:06:43,660 [INFO] ServerAccessManage:473 - Download File SEGGER.I-CUBE-embOS.pdsc
2023-10-16 21:06:44,195 [INFO] ServerAccessManage:473 - Download File portGmbH.I-Cube-SoM-uGOAL.pdsc
2023-10-16 21:06:44,573 [ERROR] ServerAccessManage:1089 - Problem, file not found on Server
2023-10-16 21:06:44,606 [ERROR] ServerAccessManage:1089 - Problem, file not found on Server
2023-10-16 21:06:44,637 [ERROR] ServerAccessManage:1089 - Problem, file not found on Server
2023-10-16 21:06:44,837 [INFO] ServerAccessManage:473 - Download File emotas.I-CUBE-CANOPEN.pdsc
2023-10-16 21:06:45,134 [WARN] MainUpdater:1189 - Updater busy. Cannot search thirdparties
2023-10-16 21:06:45,134 [INFO] ThirdPartyUpdaterWithRetryManager:96 - Updater plugin is busy. [9/15]
2023-10-16 21:06:45,620 [ERROR] LogOutputStream:75 - [STDERR_REDIRECT] SLF4J: Failed to load class "org.slf4j.impl.StaticLoggerBinder".
2023-10-16 21:06:45,621 [ERROR] LogOutputStream:75 - [STDERR_REDIRECT] SLF4J: Defaulting to no-operation (NOP) logger implementation
2023-10-16 21:06:45,622 [ERROR] LogOutputStream:75 - [STDERR_REDIRECT] SLF4J: See http://www.slf4j.org/codes.html#StaticLoggerBinder for further details.
2023-10-16 21:06:45,808 [INFO] ServerAccessManage:473 - Download File WES.I-CUBE-Cesium.pdsc
2023-10-16 21:06:47,915 [ERROR] ServerAccessManage:1089 - Problem, file not found on Server
2023-10-16 21:06:48,135 [WARN] MainUpdater:1189 - Updater busy. Cannot search thirdparties
2023-10-16 21:06:48,135 [INFO] ThirdPartyUpdaterWithRetryManager:96 - Updater plugin is busy. [10/15]
2023-10-16 21:06:48,703 [ERROR] ServerAccessManage:1089 - Problem, file not found on Server
2023-10-16 21:06:49,560 [INFO] ServerAccessManage:473 - Download File ITTIA_DB.I-CUBE-ITTIADB.pdsc
2023-10-16 21:06:51,136 [WARN] MainUpdater:1189 - Updater busy. Cannot search thirdparties
2023-10-16 21:06:51,136 [INFO] ThirdPartyUpdaterWithRetryManager:96 - Updater plugin is busy. [11/15]
2023-10-16 21:06:52,544 [INFO] ServerAccessManage:473 - Download File Infineon.AIROC-Wi-Fi-Bluetooth-STM32.pdsc
2023-10-16 21:06:53,207 [WARN] CheckServerUpdateThread:151 - Open CheckUpdateFile Fail
2023-10-16 21:06:53,219 [WARN] PackLoader:240 - Cannot read IP mode file for STMicroelectronics.FP-ATR-ASTRA1.2.0.0
2023-10-16 21:06:53,225 [WARN] PackLoader:240 - Cannot read IP mode file for STMicroelectronics.FP-ATR-SIGFOX1.3.2.0
2023-10-16 21:06:53,231 [WARN] PackLoader:240 - Cannot read IP mode file for STMicroelectronics.FP-SNS-FLIGHT1.5.0.2
2023-10-16 21:06:53,236 [WARN] PackLoader:240 - Cannot read IP mode file for STMicroelectronics.FP-SNS-MOTENV1.4.3.2
2023-10-16 21:06:53,241 [WARN] PackLoader:240 - Cannot read IP mode file for STMicroelectronics.FP-SNS-SMARTAG2.1.2.0
2023-10-16 21:06:53,245 [WARN] PackLoader:240 - Cannot read IP mode file for STMicroelectronics.X-CUBE-AI.8.1.0
2023-10-16 21:06:53,250 [WARN] PackLoader:240 - Cannot read IP mode file for STMicroelectronics.X-CUBE-ALS.1.0.1
2023-10-16 21:06:53,257 [WARN] PackLoader:240 - Cannot read IP mode file for STMicroelectronics.X-CUBE-BLE1.7.0.0
2023-10-16 21:06:53,261 [WARN] PackLoader:240 - Cannot read IP mode file for STMicroelectronics.X-CUBE-BLE2.3.3.0
2023-10-16 21:06:53,271 [WARN] PackLoader:240 - Cannot read IP mode file for STMicroelectronics.X-CUBE-BLEMGR.2.0.0
2023-10-16 21:06:53,284 [WARN] PackLoader:240 - Cannot read IP mode file for STMicroelectronics.X-CUBE-DISPLAY.3.0.0
2023-10-16 21:06:53,293 [WARN] PackLoader:240 - Cannot read IP mode file for STMicroelectronics.X-CUBE-EEPRMA1.4.1.0
2023-10-16 21:06:53,302 [WARN] PackLoader:240 - Cannot read IP mode file for STMicroelectronics.X-CUBE-FREERTOS.1.1.0
2023-10-16 21:06:53,308 [WARN] PackLoader:240 - Cannot read IP mode file for STMicroelectronics.X-CUBE-GNSS1.6.0.0
2023-10-16 21:06:53,314 [WARN] PackLoader:240 - Cannot read IP mode file for STMicroelectronics.X-CUBE-ISPU.1.1.0
2023-10-16 21:06:53,324 [INFO] CheckServerUpdateThread:120 - End of CheckServer Thread
2023-10-16 21:06:53,467 [WARN] PackLoader:240 - Cannot read IP mode file for STMicroelectronics.X-CUBE-NFC4.3.0.0
2023-10-16 21:06:53,476 [WARN] PackLoader:240 - Cannot read IP mode file for STMicroelectronics.X-CUBE-NFC6.3.0.0
2023-10-16 21:06:53,485 [WARN] PackLoader:240 - Cannot read IP mode file for STMicroelectronics.X-CUBE-NFC7.1.0.1
2023-10-16 21:06:53,492 [WARN] PackLoader:240 - Cannot read IP mode file for STMicroelectronics.X-CUBE-SFXS2LP1.4.0.0
2023-10-16 21:06:53,502 [WARN] PackLoader:240 - Cannot read IP mode file for STMicroelectronics.X-CUBE-SUBG2.5.0.0
2023-10-16 21:06:53,513 [WARN] PackLoader:240 - Cannot read IP mode file for STMicroelectronics.X-CUBE-SMBUS.2.1.0
2023-10-16 21:06:53,522 [WARN] PackLoader:240 - Cannot read IP mode file for STMicroelectronics.X-CUBE-TOF1.3.3.1
2023-10-16 21:06:53,536 [WARN] PackLoader:240 - Cannot read IP mode file for STMicroelectronics.X-CUBE-TOUCHGFX.4.22.1
2023-10-16 21:06:53,542 [WARN] PackLoader:240 - Cannot read IP mode file for STMicroelectronics.X-CUBE-ALGOBUILD.1.3.0
2023-10-16 21:06:53,558 [WARN] ConditionMgr:438 - getConditionDescription Invalid condition id : UX DEVICE CLASS RTOS Condition cause : null
2023-10-16 21:06:53,558 [WARN] ConditionMgr:438 - getConditionDescription Invalid condition id : UX DEVICE CLASS RTOS Condition cause : null
2023-10-16 21:06:53,561 [WARN] PackLoader:240 - Cannot read IP mode file for STMicroelectronics.X-CUBE-AZRTOS-H7.3.1.0
2023-10-16 21:06:53,562 [WARN] ConditionMgr:1039 - genDependencies : Invalid condition id : UX DEVICE CLASS RTOS Condition cause : null
2023-10-16 21:06:53,563 [WARN] ConditionMgr:1039 - genDependencies : Invalid condition id : UX DEVICE CLASS RTOS Condition cause : null
2023-10-16 21:06:53,563 [WARN] ConditionMgr:1039 - genDependencies : Invalid condition id : UX DEVICE CLASS RTOS Condition cause : null
2023-10-16 21:06:53,564 [WARN] ConditionMgr:1039 - genDependencies : Invalid condition id : UX DEVICE CLASS RTOS Condition cause : null
2023-10-16 21:06:53,564 [WARN] ConditionMgr:1039 - genDependencies : Invalid condition id : UX DEVICE CLASS RTOS Condition cause : null
2023-10-16 21:06:53,580 [WARN] PackLoader:240 - Cannot read IP mode file for STMicroelectronics.X-CUBE-AZRTOS-F4.1.1.0
2023-10-16 21:06:53,598 [WARN] PackLoader:240 - Cannot read IP mode file for STMicroelectronics.X-CUBE-AZRTOS-F7.1.1.0
2023-10-16 21:06:53,613 [WARN] ConditionMgr:438 - getConditionDescription Invalid condition id : LAN8742 Phy interface Condition cause : null
2023-10-16 21:06:53,614 [WARN] PackLoader:240 - Cannot read IP mode file for STMicroelectronics.X-CUBE-AZRTOS-L4.2.0.0
2023-10-16 21:06:53,615 [WARN] ConditionMgr:1039 - genDependencies : Invalid condition id : LAN8742 Phy interface Condition cause : null
2023-10-16 21:06:53,615 [WARN] ConditionMgr:1039 - genDependencies : Invalid condition id : LAN8742 Phy interface Condition cause : null
2023-10-16 21:06:53,616 [WARN] ConditionMgr:1039 - genDependencies : Invalid condition id : LAN8742 Phy interface Condition cause : null
2023-10-16 21:06:53,630 [WARN] PackLoader:240 - Cannot read IP mode file for STMicroelectronics.X-CUBE-AZRTOS-L5.2.0.0
2023-10-16 21:06:53,641 [WARN] PackLoader:240 - Cannot read IP mode file for STMicroelectronics.X-CUBE-AZRTOS-G0.1.1.0
2023-10-16 21:06:53,650 [WARN] PackLoader:240 - Cannot read IP mode file for STMicroelectronics.X-CUBE-AZRTOS-G4.2.0.0
2023-10-16 21:06:53,660 [WARN] ConditionMgr:438 - getConditionDescription Invalid condition id : UX DEVICE CLASS RTOS Condition cause : null
2023-10-16 21:06:53,661 [WARN] ConditionMgr:438 - getConditionDescription Invalid condition id : UX DEVICE CLASS RTOS Condition cause : null
2023-10-16 21:06:53,662 [WARN] PackLoader:240 - Cannot read IP mode file for STMicroelectronics.X-CUBE-AZRTOS-WB.2.0.0
2023-10-16 21:06:53,663 [WARN] ConditionMgr:1039 - genDependencies : Invalid condition id : UX DEVICE CLASS RTOS Condition cause : null
2023-10-16 21:06:53,663 [WARN] ConditionMgr:1039 - genDependencies : Invalid condition id : UX DEVICE CLASS RTOS Condition cause : null
2023-10-16 21:06:53,663 [WARN] ConditionMgr:1039 - genDependencies : Invalid condition id : UX DEVICE CLASS RTOS Condition cause : null
2023-10-16 21:06:53,663 [WARN] ConditionMgr:1039 - genDependencies : Invalid condition id : UX DEVICE CLASS RTOS Condition cause : null
2023-10-16 21:06:53,663 [WARN] ConditionMgr:1039 - genDependencies : Invalid condition id : UX DEVICE CLASS RTOS Condition cause : null
2023-10-16 21:06:53,671 [INFO] LogOutputStream:77 - [STDOUT_REDIRECT] 1 : Invalid condition id : UX_CORESTACK_Condition cause : null
2023-10-16 21:06:53,672 [INFO] LogOutputStream:77 - [STDOUT_REDIRECT] 1 : Invalid condition id : UX_CORESTACK_Condition cause : null
2023-10-16 21:06:53,672 [INFO] LogOutputStream:77 - [STDOUT_REDIRECT] 1 : Invalid condition id : UX_CORESTACK_Condition cause : null
2023-10-16 21:06:53,674 [INFO] LogOutputStream:77 - [STDOUT_REDIRECT] 1 : Invalid condition id : UX_CORESTACK_Condition cause : null
2023-10-16 21:06:53,675 [INFO] LogOutputStream:77 - [STDOUT_REDIRECT] 1 : Invalid condition id : UX_CORESTACK_Condition cause : null
2023-10-16 21:06:53,677 [WARN] PackLoader:240 - Cannot read IP mode file for STMicroelectronics.X-CUBE-AZRTOS-WL.2.0.0
2023-10-16 21:06:53,682 [WARN] PackLoader:240 - Cannot read IP mode file for wolfSSL.I-CUBE-wolfSSL.5.6.3
2023-10-16 21:06:53,711 [WARN] PackLoader:240 - Cannot read IP mode file for SEGGER.I-CUBE-embOS.1.3.1
2023-10-16 21:06:53,741 [WARN] PackLoader:240 - Cannot read IP mode file for portGmbH.I-Cube-SoM-uGOAL.1.1.0
2023-10-16 21:06:53,745 [WARN] PackLoader:240 - Cannot read IP mode file for emotas.I-CUBE-CANOPEN.1.3.0
2023-10-16 21:06:53,750 [WARN] PackLoader:240 - Cannot read IP mode file for WES.I-CUBE-Cesium.1.3.0
2023-10-16 21:06:53,755 [WARN] PackLoader:240 - Cannot read IP mode file for ITTIA_DB.I-CUBE-ITTIADB.8.8.0
2023-10-16 21:06:53,763 [WARN] PackLoader:240 - Cannot read IP mode file for Infineon.AIROC-Wi-Fi-Bluetooth-STM32.1.5.1
2023-10-16 21:06:53,766 [INFO] PopulateThirdPartyThread:66 - Ending populate Thread
2023-10-16 21:06:53,768 [INFO] ThirdParty:1030 - CMSIS Pack Vendor :STMicroelectronics X-CUBE-ISPU 1.1.0
2023-10-16 21:06:53,768 [INFO] ThirdParty:1030 - CMSIS Pack Vendor :STMicroelectronics X-CUBE-DISPLAY 3.0.0
2023-10-16 21:06:53,768 [INFO] ThirdParty:1030 - CMSIS Pack Vendor :STMicroelectronics X-CUBE-GNSS1 6.0.0
2023-10-16 21:06:53,768 [INFO] ThirdParty:1030 - CMSIS Pack Vendor :STMicroelectronics X-CUBE-AZRTOS-F4 1.1.0
2023-10-16 21:06:53,768 [INFO] ThirdParty:1030 - CMSIS Pack Vendor :STMicroelectronics FP-ATR-SIGFOX1 3.2.0
2023-10-16 21:06:53,768 [INFO] ThirdParty:1030 - CMSIS Pack Vendor :STMicroelectronics X-CUBE-BLE1 7.0.0
2023-10-16 21:06:53,768 [INFO] ThirdParty:1030 - CMSIS Pack Vendor :wolfSSL I-CUBE-wolfSSL 5.6.3
2023-10-16 21:06:53,769 [INFO] ThirdParty:1030 - CMSIS Pack Vendor :STMicroelectronics X-CUBE-SMBUS 2.1.0
2023-10-16 21:06:53,769 [INFO] ThirdParty:1030 - CMSIS Pack Vendor :STMicroelectronics X-CUBE-AZRTOS-WB 2.0.0
2023-10-16 21:06:53,769 [INFO] ThirdParty:1030 - CMSIS Pack Vendor :emotas I-CUBE-CANOPEN 1.3.0
2023-10-16 21:06:53,769 [INFO] ThirdParty:1030 - CMSIS Pack Vendor :STMicroelectronics X-CUBE-MEMS1 10.0.0
2023-10-16 21:06:53,769 [INFO] ThirdParty:1030 - CMSIS Pack Vendor :STMicroelectronics X-CUBE-FREERTOS 1.1.0
2023-10-16 21:06:53,769 [INFO] ThirdParty:1030 - CMSIS Pack Vendor :STMicroelectronics X-CUBE-NFC7 1.0.1
2023-10-16 21:06:53,769 [INFO] ThirdParty:1030 - CMSIS Pack Vendor :STMicroelectronics X-CUBE-TOUCHGFX 4.22.1
2023-10-16 21:06:53,769 [INFO] ThirdParty:1030 - CMSIS Pack Vendor :STMicroelectronics X-CUBE-AZRTOS-F7 1.1.0
2023-10-16 21:06:53,769 [INFO] ThirdParty:1030 - CMSIS Pack Vendor :STMicroelectronics X-CUBE-AZRTOS-L5 2.0.0
2023-10-16 21:06:53,769 [INFO] ThirdParty:1030 - CMSIS Pack Vendor :STMicroelectronics X-CUBE-NFC6 3.0.0
2023-10-16 21:06:53,769 [INFO] ThirdParty:1030 - CMSIS Pack Vendor :STMicroelectronics X-CUBE-ALS 1.0.1
2023-10-16 21:06:53,769 [INFO] ThirdParty:1030 - CMSIS Pack Vendor :STMicroelectronics X-CUBE-EEPRMA1 4.1.0
2023-10-16 21:06:53,769 [INFO] ThirdParty:1030 - CMSIS Pack Vendor :portGmbH I-Cube-SoM-uGOAL 1.1.0
2023-10-16 21:06:53,769 [INFO] ThirdParty:1030 - CMSIS Pack Vendor :ITTIA_DB I-CUBE-ITTIADB 8.8.0
2023-10-16 21:06:53,769 [INFO] ThirdParty:1030 - CMSIS Pack Vendor :STMicroelectronics FP-SNS-SMARTAG2 1.2.0
2023-10-16 21:06:53,769 [INFO] ThirdParty:1030 - CMSIS Pack Vendor :STMicroelectronics FP-SNS-MOTENV1 4.3.2
2023-10-16 21:06:53,769 [INFO] ThirdParty:1030 - CMSIS Pack Vendor :STMicroelectronics X-CUBE-ALGOBUILD 1.3.0
2023-10-16 21:06:53,769 [INFO] ThirdParty:1030 - CMSIS Pack Vendor :STMicroelectronics X-CUBE-AZRTOS-WL 2.0.0
2023-10-16 21:06:53,769 [INFO] ThirdParty:1030 - CMSIS Pack Vendor :SEGGER I-CUBE-embOS 1.3.1
2023-10-16 21:06:53,769 [INFO] ThirdParty:1030 - CMSIS Pack Vendor :STMicroelectronics X-CUBE-AZRTOS-G0 1.1.0
2023-10-16 21:06:53,769 [INFO] ThirdParty:1030 - CMSIS Pack Vendor :STMicroelectronics X-CUBE-AI 8.1.0
2023-10-16 21:06:53,769 [INFO] ThirdParty:1030 - CMSIS Pack Vendor :STMicroelectronics X-CUBE-BLEMGR 2.0.0
2023-10-16 21:06:53,769 [INFO] ThirdParty:1030 - CMSIS Pack Vendor :STMicroelectronics X-CUBE-NFC4 3.0.0
2023-10-16 21:06:53,769 [INFO] ThirdParty:1030 - CMSIS Pack Vendor :STMicroelectronics X-CUBE-SUBG2 5.0.0
2023-10-16 21:06:53,769 [INFO] ThirdParty:1030 - CMSIS Pack Vendor :STMicroelectronics X-CUBE-AZRTOS-L4 2.0.0
2023-10-16 21:06:53,769 [INFO] ThirdParty:1030 - CMSIS Pack Vendor :STMicroelectronics FP-ATR-ASTRA1 2.0.0
2023-10-16 21:06:53,769 [INFO] ThirdParty:1030 - CMSIS Pack Vendor :WES I-CUBE-Cesium 1.3.0
2023-10-16 21:06:53,769 [INFO] ThirdParty:1030 - CMSIS Pack Vendor :STMicroelectronics X-CUBE-SFXS2LP1 4.0.0
2023-10-16 21:06:53,769 [INFO] ThirdParty:1030 - CMSIS Pack Vendor :STMicroelectronics FP-SNS-FLIGHT1 5.0.2
2023-10-16 21:06:53,769 [INFO] ThirdParty:1030 - CMSIS Pack Vendor :STMicroelectronics X-CUBE-BLE2 3.3.0
2023-10-16 21:06:53,769 [INFO] ThirdParty:1030 - CMSIS Pack Vendor :STMicroelectronics X-CUBE-TOF1 3.3.1
2023-10-16 21:06:53,769 [INFO] ThirdParty:1030 - CMSIS Pack Vendor :STMicroelectronics X-CUBE-AZRTOS-G4 2.0.0
2023-10-16 21:06:53,769 [INFO] ThirdParty:1030 - CMSIS Pack Vendor :STMicroelectronics X-CUBE-AZRTOS-H7 3.1.0
2023-10-16 21:06:53,769 [INFO] ThirdParty:1030 - CMSIS Pack Vendor :Infineon AIROC-Wi-Fi-Bluetooth-STM32 1.5.1
2023-10-16 21:06:53,770 [INFO] LoadServerUpdatesThread:373 - End of LoadServerUpdate Thread
2023-10-16 21:06:54,226 [WARN] PackLoader:240 - Cannot read IP mode file for STMicroelectronics.X-CUBE-SMBUS.2.1.0
2023-10-16 21:06:54,233 [WARN] PackLoader:240 - Cannot read IP mode file for STMicroelectronics.X-CUBE-AZRTOS-F7.1.1.0
2023-10-16 21:06:54,239 [WARN] PackLoader:240 - Cannot read IP mode file for STMicroelectronics.FP-SNS-MOTENV1.4.3.2
2023-10-16 21:06:54,242 [WARN] PackLoader:240 - Cannot read IP mode file for STMicroelectronics.FP-SNS-FLIGHT1.5.0.2
2023-10-16 21:06:54,246 [WARN] PackLoader:240 - Cannot read IP mode file for STMicroelectronics.X-CUBE-DISPLAY.3.0.0
2023-10-16 21:06:54,250 [WARN] PackLoader:240 - Cannot read IP mode file for STMicroelectronics.X-CUBE-BLE1.7.0.0
2023-10-16 21:06:54,254 [WARN] PackLoader:240 - Cannot read IP mode file for emotas.I-CUBE-CANOPEN.1.3.0
2023-10-16 21:06:54,257 [WARN] PackLoader:240 - Cannot read IP mode file for STMicroelectronics.X-CUBE-TOUCHGFX.4.22.1
2023-10-16 21:06:54,262 [WARN] PackLoader:240 - Cannot read IP mode file for STMicroelectronics.FP-SNS-SMARTAG2.1.2.0
2023-10-16 21:06:54,289 [INFO] LogOutputStream:77 - [STDOUT_REDIRECT] 1 : Invalid condition id : UX_CORESTACK_Condition cause : null
2023-10-16 21:06:54,291 [INFO] LogOutputStream:77 - [STDOUT_REDIRECT] 1 : Invalid condition id : UX_CORESTACK_Condition cause : null
2023-10-16 21:06:54,291 [INFO] LogOutputStream:77 - [STDOUT_REDIRECT] 1 : Invalid condition id : UX_CORESTACK_Condition cause : null
2023-10-16 21:06:54,292 [INFO] LogOutputStream:77 - [STDOUT_REDIRECT] 1 : Invalid condition id : UX_CORESTACK_Condition cause : null
2023-10-16 21:06:54,293 [INFO] LogOutputStream:77 - [STDOUT_REDIRECT] 1 : Invalid condition id : UX_CORESTACK_Condition cause : null
2023-10-16 21:06:54,295 [WARN] PackLoader:240 - Cannot read IP mode file for STMicroelectronics.X-CUBE-AZRTOS-WL.2.0.0
2023-10-16 21:06:54,299 [WARN] PackLoader:240 - Cannot read IP mode file for WES.I-CUBE-Cesium.1.3.0
2023-10-16 21:06:54,303 [WARN] PackLoader:240 - Cannot read IP mode file for STMicroelectronics.X-CUBE-BLE2.3.3.0
2023-10-16 21:06:54,307 [WARN] PackLoader:240 - Cannot read IP mode file for STMicroelectronics.X-CUBE-ALGOBUILD.1.3.0
2023-10-16 21:06:54,319 [WARN] PackLoader:240 - Cannot read IP mode file for STMicroelectronics.X-CUBE-AZRTOS-G0.1.1.0
2023-10-16 21:06:54,325 [WARN] PackLoader:240 - Cannot read IP mode file for STMicroelectronics.X-CUBE-NFC4.3.0.0
2023-10-16 21:06:54,330 [WARN] PackLoader:240 - Cannot read IP mode file for STMicroelectronics.FP-ATR-SIGFOX1.3.2.0
2023-10-16 21:06:54,350 [WARN] PackLoader:240 - Cannot read IP mode file for SEGGER.I-CUBE-embOS.1.3.1
2023-10-16 21:06:54,372 [WARN] PackLoader:240 - Cannot read IP mode file for STMicroelectronics.X-CUBE-GNSS1.6.0.0
2023-10-16 21:06:54,380 [WARN] PackLoader:240 - Cannot read IP mode file for STMicroelectronics.X-CUBE-AZRTOS-F4.1.1.0
2023-10-16 21:06:54,384 [WARN] PackLoader:240 - Cannot read IP mode file for wolfSSL.I-CUBE-wolfSSL.5.6.3
2023-10-16 21:06:54,393 [WARN] PackLoader:240 - Cannot read IP mode file for STMicroelectronics.X-CUBE-AZRTOS-L5.2.0.0
2023-10-16 21:06:54,398 [WARN] PackLoader:240 - Cannot read IP mode file for ITTIA_DB.I-CUBE-ITTIADB.8.8.0
2023-10-16 21:06:54,401 [WARN] PackLoader:240 - Cannot read IP mode file for STMicroelectronics.X-CUBE-BLEMGR.2.0.0
2023-10-16 21:06:54,411 [WARN] ConditionMgr:438 - getConditionDescription Invalid condition id : UX DEVICE CLASS RTOS Condition cause : null
2023-10-16 21:06:54,412 [WARN] ConditionMgr:438 - getConditionDescription Invalid condition id : UX DEVICE CLASS RTOS Condition cause : null
2023-10-16 21:06:54,413 [WARN] PackLoader:240 - Cannot read IP mode file for STMicroelectronics.X-CUBE-AZRTOS-H7.3.1.0
2023-10-16 21:06:54,414 [WARN] ConditionMgr:1039 - genDependencies : Invalid condition id : UX DEVICE CLASS RTOS Condition cause : null
2023-10-16 21:06:54,414 [WARN] ConditionMgr:1039 - genDependencies : Invalid condition id : UX DEVICE CLASS RTOS Condition cause : null
2023-10-16 21:06:54,414 [WARN] ConditionMgr:1039 - genDependencies : Invalid condition id : UX DEVICE CLASS RTOS Condition cause : null
2023-10-16 21:06:54,414 [WARN] ConditionMgr:1039 - genDependencies : Invalid condition id : UX DEVICE CLASS RTOS Condition cause : null
2023-10-16 21:06:54,414 [WARN] ConditionMgr:1039 - genDependencies : Invalid condition id : UX DEVICE CLASS RTOS Condition cause : null
2023-10-16 21:06:54,418 [WARN] PackLoader:240 - Cannot read IP mode file for STMicroelectronics.X-CUBE-NFC7.1.0.1
2023-10-16 21:06:54,422 [WARN] PackLoader:240 - Cannot read IP mode file for STMicroelectronics.X-CUBE-NFC6.3.0.0
2023-10-16 21:06:54,427 [WARN] PackLoader:240 - Cannot read IP mode file for STMicroelectronics.X-CUBE-EEPRMA1.4.1.0
2023-10-16 21:06:54,432 [WARN] PackLoader:240 - Cannot read IP mode file for STMicroelectronics.X-CUBE-AI.8.1.0
2023-10-16 21:06:54,440 [WARN] ConditionMgr:438 - getConditionDescription Invalid condition id : LAN8742 Phy interface Condition cause : null
2023-10-16 21:06:54,441 [WARN] PackLoader:240 - Cannot read IP mode file for STMicroelectronics.X-CUBE-AZRTOS-L4.2.0.0
2023-10-16 21:06:54,441 [WARN] ConditionMgr:1039 - genDependencies : Invalid condition id : LAN8742 Phy interface Condition cause : null
2023-10-16 21:06:54,441 [WARN] ConditionMgr:1039 - genDependencies : Invalid condition id : LAN8742 Phy interface Condition cause : null
2023-10-16 21:06:54,442 [WARN] ConditionMgr:1039 - genDependencies : Invalid condition id : LAN8742 Phy interface Condition cause : null
2023-10-16 21:06:54,447 [WARN] PackLoader:240 - Cannot read IP mode file for STMicroelectronics.X-CUBE-SFXS2LP1.4.0.0
2023-10-16 21:06:54,450 [WARN] PackLoader:240 - Cannot read IP mode file for STMicroelectronics.X-CUBE-ISPU.1.1.0
2023-10-16 21:06:54,456 [WARN] ConditionMgr:438 - getConditionDescription Invalid condition id : UX DEVICE CLASS RTOS Condition cause : null
2023-10-16 21:06:54,457 [WARN] ConditionMgr:438 - getConditionDescription Invalid condition id : UX DEVICE CLASS RTOS Condition cause : null
2023-10-16 21:06:54,457 [WARN] PackLoader:240 - Cannot read IP mode file for STMicroelectronics.X-CUBE-AZRTOS-WB.2.0.0
2023-10-16 21:06:54,457 [WARN] ConditionMgr:1039 - genDependencies : Invalid condition id : UX DEVICE CLASS RTOS Condition cause : null
2023-10-16 21:06:54,457 [WARN] ConditionMgr:1039 - genDependencies : Invalid condition id : UX DEVICE CLASS RTOS Condition cause : null
2023-10-16 21:06:54,459 [WARN] ConditionMgr:1039 - genDependencies : Invalid condition id : UX DEVICE CLASS RTOS Condition cause : null
2023-10-16 21:06:54,459 [WARN] ConditionMgr:1039 - genDependencies : Invalid condition id : UX DEVICE CLASS RTOS Condition cause : null
2023-10-16 21:06:54,459 [WARN] ConditionMgr:1039 - genDependencies : Invalid condition id : UX DEVICE CLASS RTOS Condition cause : null
2023-10-16 21:06:54,464 [WARN] PackLoader:240 - Cannot read IP mode file for STMicroelectronics.X-CUBE-SUBG2.5.0.0
2023-10-16 21:06:54,471 [WARN] PackLoader:240 - Cannot read IP mode file for STMicroelectronics.X-CUBE-TOF1.3.3.1
2023-10-16 21:06:54,483 [WARN] PackLoader:240 - Cannot read IP mode file for STMicroelectronics.X-CUBE-AZRTOS-G4.2.0.0
2023-10-16 21:06:54,491 [WARN] PackLoader:240 - Cannot read IP mode file for Infineon.AIROC-Wi-Fi-Bluetooth-STM32.1.5.1
2023-10-16 21:06:54,497 [WARN] PackLoader:240 - Cannot read IP mode file for STMicroelectronics.X-CUBE-FREERTOS.1.1.0
2023-10-16 21:06:54,501 [WARN] PackLoader:240 - Cannot read IP mode file for portGmbH.I-Cube-SoM-uGOAL.1.1.0
2023-10-16 21:06:54,504 [WARN] PackLoader:240 - Cannot read IP mode file for STMicroelectronics.X-CUBE-ALS.1.0.1
2023-10-16 21:06:54,507 [WARN] PackLoader:240 - Cannot read IP mode file for STMicroelectronics.FP-ATR-ASTRA1.2.0.0
2023-10-16 21:06:54,508 [INFO] ThirdParty:978 - Integrity check success = true
2023-10-16 21:06:54,508 [INFO] IntegrityCheckThread:100 - exiting critical section [integrity check]
2023-10-16 21:06:54,508 [INFO] IntegrityCheckThread:103 - End integrity checks thread
2023-10-16 21:07:05,316 [INFO] McuFinderGlobals:63 - Set McuFinder mode to 2 (CubeIDE integrated)
2023-10-16 21:07:05,318 [INFO] MainUpdater:2868 - connection check result : 10
2023-10-16 21:07:05,321 [INFO] McuFinderGlobals:76 - Set McuFinderConnectedMode to true
2023-10-16 21:07:05,526 [INFO] ServerAccessManage:473 - Download File mcusAds.json._tmp_
2023-10-16 21:07:05,652 [INFO] LoadUrlFilesThread:156 - End of LoadUrlFiles Thread
2023-10-16 21:07:05,901 [INFO] ServerAccessManage:473 - Download File cube-finder-db.zip
2023-10-16 21:07:06,498 [INFO] FileExtend:240 - Unzip File : cube-finder-db.zip
2023-10-16 21:07:06,498 [INFO] FileExtend:255 - Standard Zip Deflate
2023-10-16 21:07:06,941 [INFO] LoadUrlFilesThread:156 - End of LoadUrlFiles Thread
2023-10-16 21:07:07,181 [INFO] ServerAccessManage:473 - Download File crdb.zip
2023-10-16 21:07:07,450 [INFO] FileExtend:240 - Unzip File : crdb.zip
2023-10-16 21:07:07,450 [INFO] FileExtend:255 - Standard Zip Deflate
2023-10-16 21:07:07,570 [INFO] LoadUrlFilesThread:156 - End of LoadUrlFiles Thread
2023-10-16 21:07:07,660 [INFO] ServerAccessManage:473 - Download File tutoVideoDB.zip
2023-10-16 21:07:07,663 [INFO] FileExtend:240 - Unzip File : tutoVideoDB.zip
2023-10-16 21:07:07,664 [INFO] FileExtend:255 - Standard Zip Deflate
2023-10-16 21:07:07,775 [INFO] LoadUrlFilesThread:156 - End of LoadUrlFiles Thread
2023-10-16 21:07:07,777 [WARN] DbFile:41 - Overriding database path with different value: C:\Users\a_emi\.stmcufinder\plugins\mcufinder/ => C:\Users\a_emi\.stmcufinder\plugins\mcufinder
2023-10-16 21:07:07,841 [INFO] ServerAccessManage:473 - Download File api_config.json
2023-10-16 21:07:07,950 [INFO] LoadUrlFilesThread:156 - End of LoadUrlFiles Thread
2023-10-16 21:07:07,951 [INFO] DbMcusAds:53 - JSON generation date=Tue Mar 07 09:50:55 CET 2023 (1678179055114)
2023-10-16 21:07:08,009 [INFO] ServerAccessManage:473 - Download File 
2023-10-16 21:07:08,026 [INFO] LoadUrlFilesThread:185 - End of LoadServerUrlFiles without Thread
2023-10-16 21:07:08,026 [INFO] TargetSelectorAdapter:259 - Refresh data is successful
2023-10-16 21:07:08,342 [INFO] ApiDb:581 - Connected to CubeFinder SQLite database (C:\Users\a_emi\.stmcufinder\plugins\mcufinder\mcu\cube-finder-db.db)
2023-10-16 21:07:08,382 [INFO] ApiDb:668 - CubeFinder database Data Model version=2.1
2023-10-16 21:07:08,382 [INFO] ApiDb:669 - CubeFinder database Configuration version=3.0.37
2023-10-16 21:07:08,382 [INFO] ApiDb:670 - CubeFinder database generation date=2023-08-09 (1691586011)
2023-10-16 21:07:08,382 [INFO] ApiDb:671 - CubeFinder database FW Pack versions=[FP-ATR-ASTRA1_V2.0.0, FP-SNS-FLIGHT1_V5.0.1, FP-SNS-FLIGHT1_V5.0.2, FP-SNS-MOTENV1_V4.3.1, FP-SNS-MOTENV1_V4.3.2, STM32Cube_FW_C0_V1.1.0, STM32Cube_FW_F4_V1.27.1, STM32Cube_FW_F7_V1.17.0, STM32Cube_FW_G0_V1.6.1, STM32Cube_FW_G4_V1.5.1, STM32Cube_FW_H5_V0.5.1, STM32Cube_FW_H5_V1.1.0, STM32Cube_FW_H7_V1.11.0, STM32Cube_FW_L0_V1.12.2, STM32Cube_FW_L5_V1.5.0, STM32Cube_FW_U5_V1.3.0, STM32Cube_FW_U5_V1.3.0RC4, STM32Cube_FW_WBA_V1.0.0RC1, STM32Cube_FW_WBA_V1.1.0, STM32Cube_FW_WBA_V1.1.0RC1, STM32Cube_FW_WB_V1.15.0RC1, STM32Cube_FW_WB_V1.16.0, STM32Cube_FW_WB_V1.16.0RC2, STM32Cube_FW_WB_V1.17.0, STM32Cube_FW_WL_V1.3.0, X-CUBE-ALGOBUILD_V1.3.0, X-CUBE-ALS_V1.0.1, X-CUBE-AZRTOS-F4_V1.1.0, X-CUBE-AZRTOS-F7_V1.1.0, X-CUBE-AZRTOS-G0_V1.1.0, X-CUBE-AZRTOS-G4_V2.0.0, X-CUBE-AZRTOS-H7_V3.1.0, X-CUBE-AZRTOS-L4_V1.0.0, X-CUBE-AZRTOS-L4_V2.0.0, X-CUBE-AZRTOS-L5_V1.1.0, X-CUBE-AZRTOS-WB_V1.1.0, X-CUBE-AZRTOS-WL_V2.0.0, X-CUBE-BLE1_V7.0.0, X-CUBE-BLE2_V3.3.0, X-CUBE-BLEMGR_V2.0.0, X-CUBE-EEPRMA1_V4.1.0, X-CUBE-FREERTOS_V1.1.0, X-CUBE-GNSS1_V6.0.0, X-CUBE-MEMS1_V9.1.0, X-CUBE-MEMS1_V9.4.0, X-CUBE-MEMS1_V9.6.0, X-CUBE-NFC4_V3.0.0, X-CUBE-NFC7_V1.0.0, X-CUBE-SFXS2LP1_V4.0.0, X-CUBE-SUBG2_V5.0.0, X-CUBE-TOF1_V3.3.1]
2023-10-16 21:07:09,666 [INFO] ApiDb:240 - Found 323 in-development CPN: [B-G473E-ZEST1S, B-WB1M-WPAN1, B-WL5M-SUBG1, NUCLEO-C031C6, NUCLEO-H503RB, NUCLEO-H563ZI, NUCLEO-U545RE-Q, NUCLEO-U5A5ZJ-Q, NUCLEO-WBA52CG, STEVAL-PROTEUS1, STEVAL-SMARTAG2, STEVAL-STWINBX1, STM320518-EVAL, STM32C0116-DK, STM32C011D6Y3TR, STM32C011D6Y6TR, STM32C011F4P3, STM32C011F4P6, STM32C011F4U3, STM32C011F4U6TR, STM32C011F6P3, STM32C011F6P6, STM32C011F6U3, STM32C011F6U6TR, STM32C011J4M3, STM32C011J4M6, STM32C011J6M3, STM32C011J6M6, STM32C0316-DK, STM32C031C4T3, STM32C031C4T6, STM32C031C4U3, STM32C031C4U6, STM32C031C6T3, STM32C031C6T6, STM32C031C6U3, STM32C031C6U6, STM32C031F4P3, STM32C031F4P6, STM32C031F6P3, STM32C031F6P6, STM32C031G4U3, STM32C031G4U6, STM32C031G6U3, STM32C031G6U6, STM32C031K4T3, STM32C031K4T6, STM32C031K4U3, STM32C031K4U6, STM32C031K6T3, STM32C031K6T6, STM32C031K6U3, STM32C031K6U6, STM32G071K8TXN, STM32G071K8UXN, STM32G081GBU6N, STM32G081KBT6N, STM32G081KBUXN, STM32G0B1CCT6N, STM32G0B1KCT6, STM32G0B1NEY6TR, STM32G0B1RCT6N, STM32G0C1CCT6, STM32G0C1CCT6N, STM32G0C1CCU6N, STM32G0C1CET6N, STM32G0C1CEU6N, STM32G0C1KCT6, STM32G0C1NEY6TR, STM32G0C1RCI6N, STM32G0C1RCT6N, STM32G0C1REI6N, STM32G0C1RET6N, STM32G0C1VCI6, STM32G0C1VEI6, STM32G471CCT6, STM32G471CCU6, STM32G471CET3, STM32G471CET6, STM32G471CEU3, STM32G471CEU6, STM32G471MCT6, STM32G471MET3, STM32G471MET6, STM32G471MEY6TR, STM32G471QCT6, STM32G471QET3, STM32G471RCT6, STM32G471RET3, STM32G471RET6, STM32G471VCH6, STM32G471VCI6, STM32G471VCT6, STM32G471VEH3, STM32G471VEH6, STM32G471VEI3, STM32G471VEI6, STM32G471VET3, STM32G471VET6, STM32G474CCT6, STM32H503CBT6, STM32H503CBU6, STM32H503EBY6TR, STM32H503KBU6, STM32H503RBT6, STM32H562AGI6, STM32H562AII6, STM32H562IGK6, STM32H562IGT6, STM32H562IIK6, STM32H562IIT6, STM32H562RGT6, STM32H562RGV6, STM32H562RIT6, STM32H562RIV6, STM32H562VGT6, STM32H562VIT6, STM32H562ZGT6, STM32H562ZIT6, STM32H563AGI6, STM32H563AII3Q, STM32H563AII6, STM32H563IGK6, STM32H563IGT6, STM32H563IIK3Q, STM32H563IIK6, STM32H563IIT3Q, STM32H563IIT6, STM32H563MIY3QTR, STM32H563RGT6, STM32H563RGV6, STM32H563RIT6, STM32H563RIV6, STM32H563VGT6, STM32H563VIT3Q, STM32H563VIT6, STM32H563ZGT6, STM32H563ZIT3Q, STM32H563ZIT6, STM32H573AII3Q, STM32H573AII6, STM32H573I-DK, STM32H573IIK3Q, STM32H573IIK6, STM32H573IIT3Q, STM32H573IIT6, STM32H573MIY3QTR, STM32H573RIT6, STM32H573RIV6, STM32H573VIT3Q, STM32H573VIT6, STM32H573ZIT3Q, STM32H573ZIT6, STM32L4R5QGI6STR, STM32MP131AAE3, STM32MP131AAF3, STM32MP131AAG3, STM32MP131CAE3, STM32MP131CAF3, STM32MP131CAG3, STM32MP131DAE7, STM32MP131DAF7, STM32MP131DAG7, STM32MP131FAE7, STM32MP131FAF7, STM32MP131FAG7, STM32MP133AAE3, STM32MP133AAF3, STM32MP133AAG3, STM32MP133CAE3, STM32MP133CAF3, STM32MP133CAG3, STM32MP133DAE7, STM32MP133DAF7, STM32MP133DAG7, STM32MP133FAE7, STM32MP133FAF7, STM32MP133FAG7, STM32MP135AAE3, STM32MP135AAF3, STM32MP135AAG3, STM32MP135CAE3, STM32MP135CAF3, STM32MP135CAG3, STM32MP135DAE7, STM32MP135DAF7, STM32MP135DAG7, STM32MP135F-DK, STM32MP135FAE7, STM32MP135FAF7, STM32MP135FAF7T, STM32MP135FAF7U, STM32MP135FAG7, STM32U535CBT6, STM32U535CBT6Q, STM32U535CBU6, STM32U535CBU6Q, STM32U535CCT6, STM32U535CCT6Q, STM32U535CCU6, STM32U535CCU6Q, STM32U535CET6, STM32U535CET6Q, STM32U535CEU6, STM32U535CEU6Q, STM32U535JEY6QTR, STM32U535NCY6QTR, STM32U535NEY6QTR, STM32U535RBI6, STM32U535RBI6Q, STM32U535RBT6, STM32U535RBT6Q, STM32U535RCI6, STM32U535RCI6Q, STM32U535RCT6, STM32U535RCT6Q, STM32U535REI6, STM32U535REI6Q, STM32U535RET6, STM32U535RET6Q, STM32U535VCI6, STM32U535VCI6Q, STM32U535VCT6, STM32U535VCT6Q, STM32U535VEI6, STM32U535VEI6Q, STM32U535VET6, STM32U535VET6Q, STM32U545CET6, STM32U545CET6Q, STM32U545CEU6, STM32U545CEU6Q, STM32U545JEY6QTR, STM32U545NEY6QTR, STM32U545REI6, STM32U545REI6Q, STM32U545RET6, STM32U545RET6Q, STM32U545VEI6, STM32U545VEI6Q, STM32U545VET6, STM32U545VET6Q, STM32U595AIH6, STM32U595AIH6Q, STM32U595AJH6, STM32U595AJH6Q, STM32U595QII6, STM32U595QII6Q, STM32U595QJI6, STM32U595QJI6Q, STM32U595RIT6, STM32U595RIT6Q, STM32U595RJT6, STM32U595RJT6Q, STM32U595VIT6, STM32U595VIT6Q, STM32U595VJT6, STM32U595VJT6Q, STM32U595ZIT6, STM32U595ZIT6Q, STM32U595ZIY6QTR, STM32U595ZJT6, STM32U595ZJT6Q, STM32U595ZJY6QTR, STM32U599BJY6QTR, STM32U599NIH6Q, STM32U599NJH6Q, STM32U599VIT6Q, STM32U599VJT6, STM32U599VJT6Q, STM32U599ZIT6Q, STM32U599ZIY6QTR, STM32U599ZJT6Q, STM32U599ZJY6QTR, STM32U5A5AJH6, STM32U5A5AJH6Q, STM32U5A5QJI6, STM32U5A5QJI6Q, STM32U5A5RJT6, STM32U5A5RJT6Q, STM32U5A5VJT6, STM32U5A5VJT6Q, STM32U5A5ZJT6, STM32U5A5ZJT6Q, STM32U5A5ZJY6QTR, STM32U5A9BJY6QTR, STM32U5A9J-DK, STM32U5A9NJH6Q, STM32U5A9VJT6Q, STM32U5A9ZJT6Q, STM32U5A9ZJY6QTR, STM32U5F7VIT6, STM32U5F7VIT6Q, STM32U5F7VJT6, STM32U5F7VJT6Q, STM32U5F9BJY6QTR, STM32U5F9NJH6Q, STM32U5F9VIT6Q, STM32U5F9VJT6Q, STM32U5F9ZIJ6QTR, STM32U5F9ZIT6Q, STM32U5F9ZJJ6QTR, STM32U5F9ZJT6Q, STM32U5G7VJT6, STM32U5G7VJT6Q, STM32U5G9BJY6QTR, STM32U5G9J-DK1, STM32U5G9J-DK2, STM32U5G9NJH6Q, STM32U5G9VJT6Q, STM32U5G9ZJJ6QTR, STM32U5G9ZJT6Q, STM32WB1MMCH6, STM32WBA52CEU6, STM32WBA52CEU6T, STM32WBA52CGU6, STM32WBA52CGU6T, STM32WBA52KEU6, STM32WBA52KEU6T, STM32WBA52KGU6, STM32WBA52KGU6T, STM32WL5MOCH6, STM32WL5MOCH6TR]
2023-10-16 21:07:09,671 [INFO] DbMcus:217 - Found 3848 MCUs, 3848 are supported
2023-10-16 21:07:09,671 [INFO] ApiDb:414 - User favorites file not found: C:\Users\a_emi/.stm32cubeide/favorites.mcus.txt
2023-10-16 21:07:09,671 [INFO] DbMcus:223 - Set 0 / 0 favorites MCUs
2023-10-16 21:07:09,812 [INFO] ApiDb:668 - CubeFinder database Data Model version=2.1
2023-10-16 21:07:09,812 [INFO] ApiDb:669 - CubeFinder database Configuration version=3.0.37
2023-10-16 21:07:09,812 [INFO] ApiDb:670 - CubeFinder database generation date=2023-08-09 (1691586011)
2023-10-16 21:07:09,812 [INFO] ApiDb:671 - CubeFinder database FW Pack versions=[FP-ATR-ASTRA1_V2.0.0, FP-SNS-FLIGHT1_V5.0.1, FP-SNS-FLIGHT1_V5.0.2, FP-SNS-MOTENV1_V4.3.1, FP-SNS-MOTENV1_V4.3.2, STM32Cube_FW_C0_V1.1.0, STM32Cube_FW_F4_V1.27.1, STM32Cube_FW_F7_V1.17.0, STM32Cube_FW_G0_V1.6.1, STM32Cube_FW_G4_V1.5.1, STM32Cube_FW_H5_V0.5.1, STM32Cube_FW_H5_V1.1.0, STM32Cube_FW_H7_V1.11.0, STM32Cube_FW_L0_V1.12.2, STM32Cube_FW_L5_V1.5.0, STM32Cube_FW_U5_V1.3.0, STM32Cube_FW_U5_V1.3.0RC4, STM32Cube_FW_WBA_V1.0.0RC1, STM32Cube_FW_WBA_V1.1.0, STM32Cube_FW_WBA_V1.1.0RC1, STM32Cube_FW_WB_V1.15.0RC1, STM32Cube_FW_WB_V1.16.0, STM32Cube_FW_WB_V1.16.0RC2, STM32Cube_FW_WB_V1.17.0, STM32Cube_FW_WL_V1.3.0, X-CUBE-ALGOBUILD_V1.3.0, X-CUBE-ALS_V1.0.1, X-CUBE-AZRTOS-F4_V1.1.0, X-CUBE-AZRTOS-F7_V1.1.0, X-CUBE-AZRTOS-G0_V1.1.0, X-CUBE-AZRTOS-G4_V2.0.0, X-CUBE-AZRTOS-H7_V3.1.0, X-CUBE-AZRTOS-L4_V1.0.0, X-CUBE-AZRTOS-L4_V2.0.0, X-CUBE-AZRTOS-L5_V1.1.0, X-CUBE-AZRTOS-WB_V1.1.0, X-CUBE-AZRTOS-WL_V2.0.0, X-CUBE-BLE1_V7.0.0, X-CUBE-BLE2_V3.3.0, X-CUBE-BLEMGR_V2.0.0, X-CUBE-EEPRMA1_V4.1.0, X-CUBE-FREERTOS_V1.1.0, X-CUBE-GNSS1_V6.0.0, X-CUBE-MEMS1_V9.1.0, X-CUBE-MEMS1_V9.4.0, X-CUBE-MEMS1_V9.6.0, X-CUBE-NFC4_V3.0.0, X-CUBE-NFC7_V1.0.0, X-CUBE-SFXS2LP1_V4.0.0, X-CUBE-SUBG2_V5.0.0, X-CUBE-TOF1_V3.3.1]
2023-10-16 21:07:09,849 [INFO] DbBoardsSqlite:226 - include board P-NUCLEO-WB55-NUCLEO as a kit item of type 'Nucleo-64'
2023-10-16 21:07:09,850 [INFO] DbBoardsSqlite:226 - include board P-NUCLEO-WB55-USBDONGLE as a kit item of type 'Nucleo USB Dongle'
2023-10-16 21:07:09,850 [INFO] DbBoardsSqlite:226 - include board STEVAL-IDP005V1 as a kit item of type 'Evaluation Board'
2023-10-16 21:07:09,850 [INFO] DbBoardsSqlite:226 - include board STEVAL-IDP005V2 as a kit item of type 'Evaluation Board'
2023-10-16 21:07:09,880 [INFO] ApiDb:240 - Found 323 in-development CPN: [B-G473E-ZEST1S, B-WB1M-WPAN1, B-WL5M-SUBG1, NUCLEO-C031C6, NUCLEO-H503RB, NUCLEO-H563ZI, NUCLEO-U545RE-Q, NUCLEO-U5A5ZJ-Q, NUCLEO-WBA52CG, STEVAL-PROTEUS1, STEVAL-SMARTAG2, STEVAL-STWINBX1, STM320518-EVAL, STM32C0116-DK, STM32C011D6Y3TR, STM32C011D6Y6TR, STM32C011F4P3, STM32C011F4P6, STM32C011F4U3, STM32C011F4U6TR, STM32C011F6P3, STM32C011F6P6, STM32C011F6U3, STM32C011F6U6TR, STM32C011J4M3, STM32C011J4M6, STM32C011J6M3, STM32C011J6M6, STM32C0316-DK, STM32C031C4T3, STM32C031C4T6, STM32C031C4U3, STM32C031C4U6, STM32C031C6T3, STM32C031C6T6, STM32C031C6U3, STM32C031C6U6, STM32C031F4P3, STM32C031F4P6, STM32C031F6P3, STM32C031F6P6, STM32C031G4U3, STM32C031G4U6, STM32C031G6U3, STM32C031G6U6, STM32C031K4T3, STM32C031K4T6, STM32C031K4U3, STM32C031K4U6, STM32C031K6T3, STM32C031K6T6, STM32C031K6U3, STM32C031K6U6, STM32G071K8TXN, STM32G071K8UXN, STM32G081GBU6N, STM32G081KBT6N, STM32G081KBUXN, STM32G0B1CCT6N, STM32G0B1KCT6, STM32G0B1NEY6TR, STM32G0B1RCT6N, STM32G0C1CCT6, STM32G0C1CCT6N, STM32G0C1CCU6N, STM32G0C1CET6N, STM32G0C1CEU6N, STM32G0C1KCT6, STM32G0C1NEY6TR, STM32G0C1RCI6N, STM32G0C1RCT6N, STM32G0C1REI6N, STM32G0C1RET6N, STM32G0C1VCI6, STM32G0C1VEI6, STM32G471CCT6, STM32G471CCU6, STM32G471CET3, STM32G471CET6, STM32G471CEU3, STM32G471CEU6, STM32G471MCT6, STM32G471MET3, STM32G471MET6, STM32G471MEY6TR, STM32G471QCT6, STM32G471QET3, STM32G471RCT6, STM32G471RET3, STM32G471RET6, STM32G471VCH6, STM32G471VCI6, STM32G471VCT6, STM32G471VEH3, STM32G471VEH6, STM32G471VEI3, STM32G471VEI6, STM32G471VET3, STM32G471VET6, STM32G474CCT6, STM32H503CBT6, STM32H503CBU6, STM32H503EBY6TR, STM32H503KBU6, STM32H503RBT6, STM32H562AGI6, STM32H562AII6, STM32H562IGK6, STM32H562IGT6, STM32H562IIK6, STM32H562IIT6, STM32H562RGT6, STM32H562RGV6, STM32H562RIT6, STM32H562RIV6, STM32H562VGT6, STM32H562VIT6, STM32H562ZGT6, STM32H562ZIT6, STM32H563AGI6, STM32H563AII3Q, STM32H563AII6, STM32H563IGK6, STM32H563IGT6, STM32H563IIK3Q, STM32H563IIK6, STM32H563IIT3Q, STM32H563IIT6, STM32H563MIY3QTR, STM32H563RGT6, STM32H563RGV6, STM32H563RIT6, STM32H563RIV6, STM32H563VGT6, STM32H563VIT3Q, STM32H563VIT6, STM32H563ZGT6, STM32H563ZIT3Q, STM32H563ZIT6, STM32H573AII3Q, STM32H573AII6, STM32H573I-DK, STM32H573IIK3Q, STM32H573IIK6, STM32H573IIT3Q, STM32H573IIT6, STM32H573MIY3QTR, STM32H573RIT6, STM32H573RIV6, STM32H573VIT3Q, STM32H573VIT6, STM32H573ZIT3Q, STM32H573ZIT6, STM32L4R5QGI6STR, STM32MP131AAE3, STM32MP131AAF3, STM32MP131AAG3, STM32MP131CAE3, STM32MP131CAF3, STM32MP131CAG3, STM32MP131DAE7, STM32MP131DAF7, STM32MP131DAG7, STM32MP131FAE7, STM32MP131FAF7, STM32MP131FAG7, STM32MP133AAE3, STM32MP133AAF3, STM32MP133AAG3, STM32MP133CAE3, STM32MP133CAF3, STM32MP133CAG3, STM32MP133DAE7, STM32MP133DAF7, STM32MP133DAG7, STM32MP133FAE7, STM32MP133FAF7, STM32MP133FAG7, STM32MP135AAE3, STM32MP135AAF3, STM32MP135AAG3, STM32MP135CAE3, STM32MP135CAF3, STM32MP135CAG3, STM32MP135DAE7, STM32MP135DAF7, STM32MP135DAG7, STM32MP135F-DK, STM32MP135FAE7, STM32MP135FAF7, STM32MP135FAF7T, STM32MP135FAF7U, STM32MP135FAG7, STM32U535CBT6, STM32U535CBT6Q, STM32U535CBU6, STM32U535CBU6Q, STM32U535CCT6, STM32U535CCT6Q, STM32U535CCU6, STM32U535CCU6Q, STM32U535CET6, STM32U535CET6Q, STM32U535CEU6, STM32U535CEU6Q, STM32U535JEY6QTR, STM32U535NCY6QTR, STM32U535NEY6QTR, STM32U535RBI6, STM32U535RBI6Q, STM32U535RBT6, STM32U535RBT6Q, STM32U535RCI6, STM32U535RCI6Q, STM32U535RCT6, STM32U535RCT6Q, STM32U535REI6, STM32U535REI6Q, STM32U535RET6, STM32U535RET6Q, STM32U535VCI6, STM32U535VCI6Q, STM32U535VCT6, STM32U535VCT6Q, STM32U535VEI6, STM32U535VEI6Q, STM32U535VET6, STM32U535VET6Q, STM32U545CET6, STM32U545CET6Q, STM32U545CEU6, STM32U545CEU6Q, STM32U545JEY6QTR, STM32U545NEY6QTR, STM32U545REI6, STM32U545REI6Q, STM32U545RET6, STM32U545RET6Q, STM32U545VEI6, STM32U545VEI6Q, STM32U545VET6, STM32U545VET6Q, STM32U595AIH6, STM32U595AIH6Q, STM32U595AJH6, STM32U595AJH6Q, STM32U595QII6, STM32U595QII6Q, STM32U595QJI6, STM32U595QJI6Q, STM32U595RIT6, STM32U595RIT6Q, STM32U595RJT6, STM32U595RJT6Q, STM32U595VIT6, STM32U595VIT6Q, STM32U595VJT6, STM32U595VJT6Q, STM32U595ZIT6, STM32U595ZIT6Q, STM32U595ZIY6QTR, STM32U595ZJT6, STM32U595ZJT6Q, STM32U595ZJY6QTR, STM32U599BJY6QTR, STM32U599NIH6Q, STM32U599NJH6Q, STM32U599VIT6Q, STM32U599VJT6, STM32U599VJT6Q, STM32U599ZIT6Q, STM32U599ZIY6QTR, STM32U599ZJT6Q, STM32U599ZJY6QTR, STM32U5A5AJH6, STM32U5A5AJH6Q, STM32U5A5QJI6, STM32U5A5QJI6Q, STM32U5A5RJT6, STM32U5A5RJT6Q, STM32U5A5VJT6, STM32U5A5VJT6Q, STM32U5A5ZJT6, STM32U5A5ZJT6Q, STM32U5A5ZJY6QTR, STM32U5A9BJY6QTR, STM32U5A9J-DK, STM32U5A9NJH6Q, STM32U5A9VJT6Q, STM32U5A9ZJT6Q, STM32U5A9ZJY6QTR, STM32U5F7VIT6, STM32U5F7VIT6Q, STM32U5F7VJT6, STM32U5F7VJT6Q, STM32U5F9BJY6QTR, STM32U5F9NJH6Q, STM32U5F9VIT6Q, STM32U5F9VJT6Q, STM32U5F9ZIJ6QTR, STM32U5F9ZIT6Q, STM32U5F9ZJJ6QTR, STM32U5F9ZJT6Q, STM32U5G7VJT6, STM32U5G7VJT6Q, STM32U5G9BJY6QTR, STM32U5G9J-DK1, STM32U5G9J-DK2, STM32U5G9NJH6Q, STM32U5G9VJT6Q, STM32U5G9ZJJ6QTR, STM32U5G9ZJT6Q, STM32WB1MMCH6, STM32WBA52CEU6, STM32WBA52CEU6T, STM32WBA52CGU6, STM32WBA52CGU6T, STM32WBA52KEU6, STM32WBA52KEU6T, STM32WBA52KGU6, STM32WBA52KGU6T, STM32WL5MOCH6, STM32WL5MOCH6TR]
2023-10-16 21:07:09,993 [INFO] BoardInfo:880 - No configuration file found for board P-NUCLEO-WB55
2023-10-16 21:07:09,993 [INFO] DbBoards:157 - Kit is not supported: P-NUCLEO-WB55
2023-10-16 21:07:09,997 [INFO] BoardInfo:880 - No configuration file found for board STEVAL-BFA001V1B
2023-10-16 21:07:09,997 [INFO] DbBoards:157 - Kit is not supported: STEVAL-BFA001V1B
2023-10-16 21:07:09,997 [INFO] BoardInfo:880 - No configuration file found for board STEVAL-BFA001V2B
2023-10-16 21:07:09,997 [INFO] DbBoards:157 - Kit is not supported: STEVAL-BFA001V2B
2023-10-16 21:07:10,111 [INFO] DbBoards:161 - Found 190 boards, 187 are supported
2023-10-16 21:07:10,113 [INFO] ApiDb:414 - User favorites file not found: C:\Users\a_emi/.stm32cubeide/favorites.boards.txt
2023-10-16 21:07:10,114 [INFO] DbBoards:190 - Set 0 / 0 favorites Boards
2023-10-16 21:07:10,126 [INFO] ApiDb:668 - CubeFinder database Data Model version=2.1
2023-10-16 21:07:10,126 [INFO] ApiDb:669 - CubeFinder database Configuration version=3.0.37
2023-10-16 21:07:10,127 [INFO] ApiDb:670 - CubeFinder database generation date=2023-08-09 (1691586011)
2023-10-16 21:07:10,127 [INFO] ApiDb:671 - CubeFinder database FW Pack versions=[FP-ATR-ASTRA1_V2.0.0, FP-SNS-FLIGHT1_V5.0.1, FP-SNS-FLIGHT1_V5.0.2, FP-SNS-MOTENV1_V4.3.1, FP-SNS-MOTENV1_V4.3.2, STM32Cube_FW_C0_V1.1.0, STM32Cube_FW_F4_V1.27.1, STM32Cube_FW_F7_V1.17.0, STM32Cube_FW_G0_V1.6.1, STM32Cube_FW_G4_V1.5.1, STM32Cube_FW_H5_V0.5.1, STM32Cube_FW_H5_V1.1.0, STM32Cube_FW_H7_V1.11.0, STM32Cube_FW_L0_V1.12.2, STM32Cube_FW_L5_V1.5.0, STM32Cube_FW_U5_V1.3.0, STM32Cube_FW_U5_V1.3.0RC4, STM32Cube_FW_WBA_V1.0.0RC1, STM32Cube_FW_WBA_V1.1.0, STM32Cube_FW_WBA_V1.1.0RC1, STM32Cube_FW_WB_V1.15.0RC1, STM32Cube_FW_WB_V1.16.0, STM32Cube_FW_WB_V1.16.0RC2, STM32Cube_FW_WB_V1.17.0, STM32Cube_FW_WL_V1.3.0, X-CUBE-ALGOBUILD_V1.3.0, X-CUBE-ALS_V1.0.1, X-CUBE-AZRTOS-F4_V1.1.0, X-CUBE-AZRTOS-F7_V1.1.0, X-CUBE-AZRTOS-G0_V1.1.0, X-CUBE-AZRTOS-G4_V2.0.0, X-CUBE-AZRTOS-H7_V3.1.0, X-CUBE-AZRTOS-L4_V1.0.0, X-CUBE-AZRTOS-L4_V2.0.0, X-CUBE-AZRTOS-L5_V1.1.0, X-CUBE-AZRTOS-WB_V1.1.0, X-CUBE-AZRTOS-WL_V2.0.0, X-CUBE-BLE1_V7.0.0, X-CUBE-BLE2_V3.3.0, X-CUBE-BLEMGR_V2.0.0, X-CUBE-EEPRMA1_V4.1.0, X-CUBE-FREERTOS_V1.1.0, X-CUBE-GNSS1_V6.0.0, X-CUBE-MEMS1_V9.1.0, X-CUBE-MEMS1_V9.4.0, X-CUBE-MEMS1_V9.6.0, X-CUBE-NFC4_V3.0.0, X-CUBE-NFC7_V1.0.0, X-CUBE-SFXS2LP1_V4.0.0, X-CUBE-SUBG2_V5.0.0, X-CUBE-TOF1_V3.3.1]
2023-10-16 21:07:10,739 [INFO] DbExamplesSqlite:395 - Ignored 27 examples not supported by CubeIDE
2023-10-16 21:07:10,739 [INFO] DbExamplesSqlite:396 - Found 7231 examples active
2023-10-16 21:07:10,740 [INFO] DbExamplesSqlite:397 - Found 677 examples obsolete
2023-10-16 21:07:10,740 [INFO] DbExamplesSqlite:398 - Found 0 examples under development
2023-10-16 21:07:10,740 [INFO] DbExamplesSqlite:399 - Found 74 examples not building
2023-10-16 21:07:10,742 [INFO] DbExamples:125 - Found 7278 examples
2023-10-16 21:07:10,756 [INFO] DbExamples:222 - Found 92 boards with related examples
2023-10-16 21:07:10,757 [INFO] DbExamples:235 - Found 78 MCUs with related examples
2023-10-16 21:07:10,778 [INFO] ApiDb:414 - User favorites file not found: C:\Users\a_emi/.stm32cubeide/favorites.examples.txt
2023-10-16 21:07:10,779 [INFO] DbExamples:250 - Set 0 / 0 favorites Examples
2023-10-16 21:07:10,966 [INFO] McuFinderGlobals:76 - Set McuFinderConnectedMode to true
2023-10-16 21:07:10,976 [INFO] MultiScanPanel:200 - Auto-refresh data requested => check proxy status ongoing
2023-10-16 21:07:10,979 [INFO] FinderPluginLoader:95 - Searching for filters in installed packs
2023-10-16 21:07:12,085 [INFO] LoadUrlFilesThread:185 - End of LoadServerUrlFiles without Thread
2023-10-16 21:07:12,090 [INFO] DetailPanel:341 - Set advertising image to C:/Users/a_emi/STM32Cube/Repository/\en.prom-stm32h5-mcu-finder.jpg
2023-10-16 21:07:34,631 [INFO] MultiScanPanel:200 - Auto-refresh data requested => check proxy status ongoing
2023-10-16 21:07:34,731 [INFO] LoadUrlFilesThread:185 - End of LoadServerUrlFiles without Thread
2023-10-16 21:07:34,731 [INFO] DetailPanel:341 - Set advertising image to C:/Users/a_emi/STM32Cube/Repository/\en.prom-stm32h5-mcu-finder.jpg
2023-10-16 21:07:34,739 [INFO] DbBoards:634 - Loading board mini-images...
2023-10-16 21:07:36,149 [ERROR] DbBoards:651 - Image file not found for board STM32U5G9J-DK1: C:\Users\a_emi\.stmcufinder\plugins\mcufinder//mcu//boards_images/STM32U5G9J-DK1.jpg
2023-10-16 21:07:36,150 [ERROR] DbBoards:651 - Image file not found for board STM32U5G9J-DK2: C:\Users\a_emi\.stmcufinder\plugins\mcufinder//mcu//boards_images/STM32U5G9J-DK2.jpg
2023-10-16 21:07:36,164 [INFO] DbBoards:657 - Loaded 188 board mini-images
2023-10-16 21:10:41,932 [INFO] McuFinderGlobals:76 - Set McuFinderConnectedMode to true
2023-10-16 21:10:41,935 [INFO] ApiDb:448 - Save user favorites file C:\Users\a_emi/.stm32cubeide/favorites.mcus.txt: 0 item(s)
2023-10-16 21:10:41,935 [INFO] ApiDb:452 - User favorites MCUs=[]
2023-10-16 21:10:41,941 [INFO] ApiDb:448 - Save user favorites file C:\Users\a_emi/.stm32cubeide/favorites.boards.txt: 0 item(s)
2023-10-16 21:10:41,941 [INFO] ApiDb:452 - User favorites Boards=[]
2023-10-16 22:45:51,871 [ERROR] LogOutputStream:75 - [STDERR_REDIRECT] 
